[Tue, 05 Aug 2025 09:56:00 GMT] 🔍 Checking NSE:RELIANCE-EQ...
[Tue, 05 Aug 2025 09:56:00 GMT] ❌ No signal for NSE:RELIANCE-EQ
[Tue, 05 Aug 2025 09:56:00 GMT] 🔍 Checking NSE:INFY-EQ...
[Tue, 05 Aug 2025 09:56:00 GMT] ❌ No signal for NSE:INFY-EQ
[Tue, 05 Aug 2025 09:56:00 GMT] 🔍 Checking NSE:TCS-EQ...
[Tue, 05 Aug 2025 09:56:00 GMT] ❌ No signal for NSE:TCS-EQ
[Wed, 06 Aug 2025 05:59:03 GMT] 🔍 Checking NSE:RELIANCE-EQ...
[Wed, 06 Aug 2025 05:59:03 GMT] ❌ No signal for NSE:RELIANCE-EQ
[Wed, 06 Aug 2025 05:59:31 GMT] 🔍 Checking NSE:RELIANCE-EQ...
[Wed, 06 Aug 2025 05:59:31 GMT] ❌ No signal for NSE:RELIANCE-EQ
[Wed, 06 Aug 2025 06:00:00 GMT] 🔍 Checking NSE:RELIANCE-EQ...
[Wed, 06 Aug 2025 06:00:00 GMT] 🔍 Checking NSE:RELIANCE-EQ...
[Wed, 06 Aug 2025 06:00:00 GMT] ❌ No signal for NSE:RELIANCE-EQ
[Wed, 06 Aug 2025 06:00:00 GMT] ❌ No signal for NSE:RELIANCE-EQ
[Wed, 06 Aug 2025 06:01:00 GMT] 🔍 Checking NSE:RELIANCE-EQ...
[Wed, 06 Aug 2025 06:01:00 GMT] 🔍 Checking NSE:RELIANCE-EQ...
[Wed, 06 Aug 2025 06:01:00 GMT] ❌ No signal for NSE:RELIANCE-EQ
[Wed, 06 Aug 2025 06:01:00 GMT] ❌ No signal for NSE:RELIANCE-EQ
[Wed, 06 Aug 2025 06:02:00 GMT] 🔍 Checking NSE:RELIANCE-EQ...
[Wed, 06 Aug 2025 06:02:00 GMT] 🔍 Checking NSE:RELIANCE-EQ...
[Wed, 06 Aug 2025 06:02:00 GMT] ❌ No signal for NSE:RELIANCE-EQ
[Wed, 06 Aug 2025 06:02:00 GMT] ❌ No signal for NSE:RELIANCE-EQ
[Wed, 06 Aug 2025 06:03:00 GMT] 🔍 Checking NSE:RELIANCE-EQ...
[Wed, 06 Aug 2025 06:03:00 GMT] 🔍 Checking NSE:RELIANCE-EQ...
[Wed, 06 Aug 2025 06:03:00 GMT] ❌ No signal for NSE:RELIANCE-EQ
[Wed, 06 Aug 2025 06:03:00 GMT] ❌ No signal for NSE:RELIANCE-EQ
[Wed, 06 Aug 2025 06:04:00 GMT] 🔍 Checking NSE:RELIANCE-EQ...
[Wed, 06 Aug 2025 06:04:00 GMT] 🔍 Checking NSE:RELIANCE-EQ...
[Wed, 06 Aug 2025 06:04:00 GMT] ❌ No signal for NSE:RELIANCE-EQ
[Wed, 06 Aug 2025 06:04:00 GMT] ❌ No signal for NSE:RELIANCE-EQ
[Wed, 06 Aug 2025 06:05:00 GMT] 🔍 Checking NSE:RELIANCE-EQ...
[Wed, 06 Aug 2025 06:05:00 GMT] 🔍 Checking NSE:RELIANCE-EQ...
[Wed, 06 Aug 2025 06:05:00 GMT] ❌ No signal for NSE:RELIANCE-EQ
[Wed, 06 Aug 2025 06:05:00 GMT] ❌ No signal for NSE:RELIANCE-EQ
[Wed, 06 Aug 2025 06:06:00 GMT] 🔍 Checking NSE:RELIANCE-EQ...
[Wed, 06 Aug 2025 06:06:00 GMT] 🔍 Checking NSE:RELIANCE-EQ...
[Wed, 06 Aug 2025 06:06:00 GMT] ❌ No signal for NSE:RELIANCE-EQ
[Wed, 06 Aug 2025 06:06:00 GMT] ❌ No signal for NSE:RELIANCE-EQ
[Wed, 06 Aug 2025 06:07:00 GMT] 🔍 Checking NSE:RELIANCE-EQ...
[Wed, 06 Aug 2025 06:07:00 GMT] 🔍 Checking NSE:RELIANCE-EQ...
[Wed, 06 Aug 2025 06:07:00 GMT] ❌ No signal for NSE:RELIANCE-EQ
[Wed, 06 Aug 2025 06:07:00 GMT] ❌ No signal for NSE:RELIANCE-EQ
[Wed, 06 Aug 2025 06:08:00 GMT] 🔍 Checking NSE:RELIANCE-EQ...
[Wed, 06 Aug 2025 06:08:00 GMT] 🔍 Checking NSE:RELIANCE-EQ...
[Wed, 06 Aug 2025 06:08:00 GMT] ❌ No signal for NSE:RELIANCE-EQ
[Wed, 06 Aug 2025 06:08:00 GMT] ❌ No signal for NSE:RELIANCE-EQ
[Wed, 06 Aug 2025 06:09:00 GMT] 🔍 Checking NSE:RELIANCE-EQ...
[Wed, 06 Aug 2025 06:09:00 GMT] 🔍 Checking NSE:RELIANCE-EQ...
[Wed, 06 Aug 2025 06:09:00 GMT] ❌ No signal for NSE:RELIANCE-EQ
[Wed, 06 Aug 2025 06:09:00 GMT] ❌ No signal for NSE:RELIANCE-EQ
[Wed, 06 Aug 2025 06:10:00 GMT] 🔍 Checking NSE:RELIANCE-EQ...
[Wed, 06 Aug 2025 06:10:00 GMT] 🔍 Checking NSE:RELIANCE-EQ...
[Wed, 06 Aug 2025 06:10:00 GMT] ❌ No signal for NSE:RELIANCE-EQ
[Wed, 06 Aug 2025 06:10:00 GMT] ❌ No signal for NSE:RELIANCE-EQ
[Wed, 06 Aug 2025 06:11:00 GMT] 🔍 Checking NSE:RELIANCE-EQ...
[Wed, 06 Aug 2025 06:11:00 GMT] 🔍 Checking NSE:RELIANCE-EQ...
[Wed, 06 Aug 2025 06:11:00 GMT] ❌ No signal for NSE:RELIANCE-EQ
[Wed, 06 Aug 2025 06:11:00 GMT] ❌ No signal for NSE:RELIANCE-EQ
[Wed, 06 Aug 2025 06:12:00 GMT] 🔍 Checking NSE:RELIANCE-EQ...
[Wed, 06 Aug 2025 06:12:00 GMT] 🔍 Checking NSE:RELIANCE-EQ...
[Wed, 06 Aug 2025 06:12:00 GMT] ❌ No signal for NSE:RELIANCE-EQ
[Wed, 06 Aug 2025 06:12:00 GMT] ❌ No signal for NSE:RELIANCE-EQ
[Wed, 06 Aug 2025 06:13:00 GMT] 🔍 Checking NSE:RELIANCE-EQ...
[Wed, 06 Aug 2025 06:13:00 GMT] 🔍 Checking NSE:RELIANCE-EQ...
[Wed, 06 Aug 2025 06:13:00 GMT] ❌ No signal for NSE:RELIANCE-EQ
[Wed, 06 Aug 2025 06:13:00 GMT] ❌ No signal for NSE:RELIANCE-EQ
[Wed, 06 Aug 2025 06:14:00 GMT] 🔍 Checking NSE:RELIANCE-EQ...
[Wed, 06 Aug 2025 06:14:00 GMT] 🔍 Checking NSE:RELIANCE-EQ...
[Wed, 06 Aug 2025 06:14:00 GMT] ❌ No signal for NSE:RELIANCE-EQ
[Wed, 06 Aug 2025 06:14:00 GMT] ❌ No signal for NSE:RELIANCE-EQ
[Wed, 06 Aug 2025 06:15:00 GMT] 🔍 Checking NSE:RELIANCE-EQ...
[Wed, 06 Aug 2025 06:15:00 GMT] 🔍 Checking NSE:RELIANCE-EQ...
[Wed, 06 Aug 2025 06:15:00 GMT] ❌ No signal for NSE:RELIANCE-EQ
[Wed, 06 Aug 2025 06:15:00 GMT] ❌ No signal for NSE:RELIANCE-EQ
[Wed, 06 Aug 2025 06:16:00 GMT] 🔍 Checking NSE:RELIANCE-EQ...
[Wed, 06 Aug 2025 06:16:00 GMT] 🔍 Checking NSE:RELIANCE-EQ...
[Wed, 06 Aug 2025 06:16:00 GMT] ❌ No signal for NSE:RELIANCE-EQ
[Wed, 06 Aug 2025 06:16:00 GMT] ❌ No signal for NSE:RELIANCE-EQ
[Wed, 06 Aug 2025 06:17:00 GMT] 🔍 Checking NSE:RELIANCE-EQ...
[Wed, 06 Aug 2025 06:17:00 GMT] 🔍 Checking NSE:RELIANCE-EQ...
[Wed, 06 Aug 2025 06:17:00 GMT] ❌ No signal for NSE:RELIANCE-EQ
[Wed, 06 Aug 2025 06:17:00 GMT] ❌ No signal for NSE:RELIANCE-EQ
[Wed, 06 Aug 2025 06:18:00 GMT] 🔍 Checking NSE:RELIANCE-EQ...
[Wed, 06 Aug 2025 06:18:00 GMT] 🔍 Checking NSE:RELIANCE-EQ...
[Wed, 06 Aug 2025 06:18:00 GMT] ❌ No signal for NSE:RELIANCE-EQ
[Wed, 06 Aug 2025 06:18:00 GMT] ❌ No signal for NSE:RELIANCE-EQ
[Wed, 06 Aug 2025 06:19:00 GMT] 🔍 Checking NSE:RELIANCE-EQ...
[Wed, 06 Aug 2025 06:19:00 GMT] 🔍 Checking NSE:RELIANCE-EQ...
[Wed, 06 Aug 2025 06:19:00 GMT] ❌ No signal for NSE:RELIANCE-EQ
[Wed, 06 Aug 2025 06:19:00 GMT] ❌ No signal for NSE:RELIANCE-EQ
[Wed, 06 Aug 2025 06:20:00 GMT] 🔍 Checking NSE:RELIANCE-EQ...
[Wed, 06 Aug 2025 06:20:00 GMT] 🔍 Checking NSE:RELIANCE-EQ...
[Wed, 06 Aug 2025 06:20:00 GMT] ❌ No signal for NSE:RELIANCE-EQ
[Wed, 06 Aug 2025 06:20:00 GMT] ❌ No signal for NSE:RELIANCE-EQ
[Wed, 06 Aug 2025 06:21:00 GMT] 🔍 Checking NSE:RELIANCE-EQ...
[Wed, 06 Aug 2025 06:21:00 GMT] 🔍 Checking NSE:RELIANCE-EQ...
[Wed, 06 Aug 2025 06:21:00 GMT] ❌ No signal for NSE:RELIANCE-EQ
[Wed, 06 Aug 2025 06:21:00 GMT] ❌ No signal for NSE:RELIANCE-EQ
[Wed, 06 Aug 2025 06:22:00 GMT] 🔍 Checking NSE:RELIANCE-EQ...
[Wed, 06 Aug 2025 06:22:00 GMT] 🔍 Checking NSE:RELIANCE-EQ...
[Wed, 06 Aug 2025 06:22:00 GMT] ❌ No signal for NSE:RELIANCE-EQ
[Wed, 06 Aug 2025 06:22:00 GMT] ❌ No signal for NSE:RELIANCE-EQ
[Wed, 06 Aug 2025 06:23:00 GMT] 🔍 Checking NSE:RELIANCE-EQ...
[Wed, 06 Aug 2025 06:23:00 GMT] 🔍 Checking NSE:RELIANCE-EQ...
[Wed, 06 Aug 2025 06:23:00 GMT] ❌ No signal for NSE:RELIANCE-EQ
[Wed, 06 Aug 2025 06:23:00 GMT] ❌ No signal for NSE:RELIANCE-EQ
[Wed, 06 Aug 2025 06:24:00 GMT] 🔍 Checking NSE:RELIANCE-EQ...
[Wed, 06 Aug 2025 06:24:00 GMT] 🔍 Checking NSE:RELIANCE-EQ...
[Wed, 06 Aug 2025 06:24:00 GMT] ❌ No signal for NSE:RELIANCE-EQ
[Wed, 06 Aug 2025 06:24:00 GMT] ❌ No signal for NSE:RELIANCE-EQ
[Wed, 06 Aug 2025 06:25:00 GMT] 🔍 Checking NSE:RELIANCE-EQ...
[Wed, 06 Aug 2025 06:25:00 GMT] 🔍 Checking NSE:RELIANCE-EQ...
[Wed, 06 Aug 2025 06:25:00 GMT] ❌ No signal for NSE:RELIANCE-EQ
[Wed, 06 Aug 2025 06:25:00 GMT] ❌ No signal for NSE:RELIANCE-EQ
[Wed, 06 Aug 2025 06:26:00 GMT] 🔍 Checking NSE:RELIANCE-EQ...
[Wed, 06 Aug 2025 06:26:00 GMT] 🔍 Checking NSE:RELIANCE-EQ...
[Wed, 06 Aug 2025 06:26:00 GMT] ❌ No signal for NSE:RELIANCE-EQ
[Wed, 06 Aug 2025 06:26:00 GMT] ❌ No signal for NSE:RELIANCE-EQ
[Wed, 06 Aug 2025 06:27:00 GMT] 🔍 Checking NSE:RELIANCE-EQ...
[Wed, 06 Aug 2025 06:27:00 GMT] 🔍 Checking NSE:RELIANCE-EQ...
[Wed, 06 Aug 2025 06:27:00 GMT] ❌ No signal for NSE:RELIANCE-EQ
[Wed, 06 Aug 2025 06:27:00 GMT] ❌ No signal for NSE:RELIANCE-EQ
[Wed, 06 Aug 2025 06:28:00 GMT] 🔍 Checking NSE:RELIANCE-EQ...
[Wed, 06 Aug 2025 06:28:00 GMT] 🔍 Checking NSE:RELIANCE-EQ...
[Wed, 06 Aug 2025 06:28:00 GMT] ❌ No signal for NSE:RELIANCE-EQ
[Wed, 06 Aug 2025 06:28:00 GMT] ❌ No signal for NSE:RELIANCE-EQ
[Wed, 06 Aug 2025 06:29:00 GMT] 🔍 Checking NSE:RELIANCE-EQ...
[Wed, 06 Aug 2025 06:29:00 GMT] 🔍 Checking NSE:RELIANCE-EQ...
[Wed, 06 Aug 2025 06:29:00 GMT] ❌ No signal for NSE:RELIANCE-EQ
[Wed, 06 Aug 2025 06:29:00 GMT] ❌ No signal for NSE:RELIANCE-EQ
[Wed, 06 Aug 2025 06:30:00 GMT] 🔍 Checking NSE:RELIANCE-EQ...
[Wed, 06 Aug 2025 06:30:00 GMT] 🔍 Checking NSE:RELIANCE-EQ...
[Wed, 06 Aug 2025 06:30:00 GMT] ❌ No signal for NSE:RELIANCE-EQ
[Wed, 06 Aug 2025 06:30:00 GMT] ❌ No signal for NSE:RELIANCE-EQ
[Wed, 06 Aug 2025 06:31:00 GMT] 🔍 Checking NSE:RELIANCE-EQ...
[Wed, 06 Aug 2025 06:31:00 GMT] 🔍 Checking NSE:RELIANCE-EQ...
[Wed, 06 Aug 2025 06:31:00 GMT] ❌ No signal for NSE:RELIANCE-EQ
[Wed, 06 Aug 2025 06:31:00 GMT] ❌ No signal for NSE:RELIANCE-EQ
[Wed, 06 Aug 2025 06:32:00 GMT] 🔍 Checking NSE:RELIANCE-EQ...
[Wed, 06 Aug 2025 06:32:00 GMT] 🔍 Checking NSE:RELIANCE-EQ...
[Wed, 06 Aug 2025 06:32:00 GMT] ❌ No signal for NSE:RELIANCE-EQ
[Wed, 06 Aug 2025 06:32:00 GMT] ❌ No signal for NSE:RELIANCE-EQ
[Wed, 06 Aug 2025 06:33:00 GMT] 🔍 Checking NSE:RELIANCE-EQ...
[Wed, 06 Aug 2025 06:33:00 GMT] 🔍 Checking NSE:RELIANCE-EQ...
[Wed, 06 Aug 2025 06:33:00 GMT] ❌ No signal for NSE:RELIANCE-EQ
[Wed, 06 Aug 2025 06:33:00 GMT] ❌ No signal for NSE:RELIANCE-EQ
[Wed, 06 Aug 2025 06:34:00 GMT] 🔍 Checking NSE:RELIANCE-EQ...
[Wed, 06 Aug 2025 06:34:00 GMT] 🔍 Checking NSE:RELIANCE-EQ...
[Wed, 06 Aug 2025 06:34:00 GMT] ❌ No signal for NSE:RELIANCE-EQ
[Wed, 06 Aug 2025 06:34:00 GMT] ❌ No signal for NSE:RELIANCE-EQ
[Wed, 06 Aug 2025 06:35:00 GMT] 🔍 Checking NSE:RELIANCE-EQ...
[Wed, 06 Aug 2025 06:35:00 GMT] 🔍 Checking NSE:RELIANCE-EQ...
[Wed, 06 Aug 2025 06:35:00 GMT] ❌ No signal for NSE:RELIANCE-EQ
[Wed, 06 Aug 2025 06:35:00 GMT] ❌ No signal for NSE:RELIANCE-EQ
[Wed, 06 Aug 2025 06:36:00 GMT] 🔍 Checking NSE:RELIANCE-EQ...
[Wed, 06 Aug 2025 06:36:00 GMT] 🔍 Checking NSE:RELIANCE-EQ...
[Wed, 06 Aug 2025 06:36:00 GMT] ❌ No signal for NSE:RELIANCE-EQ
[Wed, 06 Aug 2025 06:36:00 GMT] ❌ No signal for NSE:RELIANCE-EQ
[Wed, 06 Aug 2025 06:37:00 GMT] 🔍 Checking NSE:RELIANCE-EQ...
[Wed, 06 Aug 2025 06:37:00 GMT] 🔍 Checking NSE:RELIANCE-EQ...
[Wed, 06 Aug 2025 06:37:00 GMT] ❌ No signal for NSE:RELIANCE-EQ
[Wed, 06 Aug 2025 06:37:00 GMT] ❌ No signal for NSE:RELIANCE-EQ
[Wed, 06 Aug 2025 06:38:00 GMT] 🔍 Checking NSE:RELIANCE-EQ...
[Wed, 06 Aug 2025 06:38:00 GMT] 🔍 Checking NSE:RELIANCE-EQ...
[Wed, 06 Aug 2025 06:38:00 GMT] ❌ No signal for NSE:RELIANCE-EQ
[Wed, 06 Aug 2025 06:38:00 GMT] ❌ No signal for NSE:RELIANCE-EQ
[Wed, 06 Aug 2025 06:39:00 GMT] 🔍 Checking NSE:RELIANCE-EQ...
[Wed, 06 Aug 2025 06:39:00 GMT] 🔍 Checking NSE:RELIANCE-EQ...
[Wed, 06 Aug 2025 06:39:00 GMT] ❌ No signal for NSE:RELIANCE-EQ
[Wed, 06 Aug 2025 06:39:00 GMT] ❌ No signal for NSE:RELIANCE-EQ
[Wed, 06 Aug 2025 06:40:00 GMT] 🔍 Checking NSE:RELIANCE-EQ...
[Wed, 06 Aug 2025 06:40:00 GMT] 🔍 Checking NSE:RELIANCE-EQ...
[Wed, 06 Aug 2025 06:40:00 GMT] ❌ No signal for NSE:RELIANCE-EQ
[Wed, 06 Aug 2025 06:40:00 GMT] ❌ No signal for NSE:RELIANCE-EQ
[Wed, 06 Aug 2025 06:41:00 GMT] 🔍 Checking NSE:RELIANCE-EQ...
[Wed, 06 Aug 2025 06:41:00 GMT] 🔍 Checking NSE:RELIANCE-EQ...
[Wed, 06 Aug 2025 06:41:00 GMT] ❌ No signal for NSE:RELIANCE-EQ
[Wed, 06 Aug 2025 06:41:00 GMT] ❌ No signal for NSE:RELIANCE-EQ
[Wed, 06 Aug 2025 06:42:00 GMT] 🔍 Checking NSE:RELIANCE-EQ...
[Wed, 06 Aug 2025 06:42:00 GMT] 🔍 Checking NSE:RELIANCE-EQ...
[Wed, 06 Aug 2025 06:42:00 GMT] ❌ No signal for NSE:RELIANCE-EQ
[Wed, 06 Aug 2025 06:42:00 GMT] ❌ No signal for NSE:RELIANCE-EQ
[Wed, 06 Aug 2025 06:43:00 GMT] 🔍 Checking NSE:RELIANCE-EQ...
[Wed, 06 Aug 2025 06:43:00 GMT] 🔍 Checking NSE:RELIANCE-EQ...
[Wed, 06 Aug 2025 06:43:00 GMT] ❌ No signal for NSE:RELIANCE-EQ
[Wed, 06 Aug 2025 06:43:00 GMT] ❌ No signal for NSE:RELIANCE-EQ
[Wed, 06 Aug 2025 06:44:00 GMT] 🔍 Checking NSE:RELIANCE-EQ...
[Wed, 06 Aug 2025 06:44:00 GMT] 🔍 Checking NSE:RELIANCE-EQ...
[Wed, 06 Aug 2025 06:44:01 GMT] ❌ No signal for NSE:RELIANCE-EQ
[Wed, 06 Aug 2025 06:44:02 GMT] ❌ No signal for NSE:RELIANCE-EQ
[Wed, 06 Aug 2025 06:45:00 GMT] 🔍 Checking NSE:RELIANCE-EQ...
[Wed, 06 Aug 2025 06:45:00 GMT] 🔍 Checking NSE:RELIANCE-EQ...
[Wed, 06 Aug 2025 06:45:00 GMT] ❌ No signal for NSE:RELIANCE-EQ
[Wed, 06 Aug 2025 06:45:00 GMT] ❌ No signal for NSE:RELIANCE-EQ
[Wed, 06 Aug 2025 06:46:00 GMT] 🔍 Checking NSE:RELIANCE-EQ...
[Wed, 06 Aug 2025 06:46:00 GMT] 🔍 Checking NSE:RELIANCE-EQ...
[Wed, 06 Aug 2025 06:46:00 GMT] ❌ No signal for NSE:RELIANCE-EQ
[Wed, 06 Aug 2025 06:46:00 GMT] ❌ No signal for NSE:RELIANCE-EQ
[Wed, 06 Aug 2025 06:47:00 GMT] 🔍 Checking NSE:RELIANCE-EQ...
[Wed, 06 Aug 2025 06:47:00 GMT] 🔍 Checking NSE:RELIANCE-EQ...
[Wed, 06 Aug 2025 06:47:00 GMT] ❌ No signal for NSE:RELIANCE-EQ
[Wed, 06 Aug 2025 06:47:00 GMT] ❌ No signal for NSE:RELIANCE-EQ
[Wed, 06 Aug 2025 06:48:00 GMT] 🔍 Checking NSE:RELIANCE-EQ...
[Wed, 06 Aug 2025 06:48:00 GMT] 🔍 Checking NSE:RELIANCE-EQ...
[Wed, 06 Aug 2025 06:48:00 GMT] ❌ No signal for NSE:RELIANCE-EQ
[Wed, 06 Aug 2025 06:48:00 GMT] ❌ No signal for NSE:RELIANCE-EQ
[Wed, 06 Aug 2025 06:49:00 GMT] 🔍 Checking NSE:RELIANCE-EQ...
[Wed, 06 Aug 2025 06:49:00 GMT] 🔍 Checking NSE:RELIANCE-EQ...
[Wed, 06 Aug 2025 06:49:00 GMT] ❌ No signal for NSE:RELIANCE-EQ
[Wed, 06 Aug 2025 06:49:00 GMT] ❌ No signal for NSE:RELIANCE-EQ
[Wed, 06 Aug 2025 06:50:00 GMT] 🔍 Checking NSE:RELIANCE-EQ...
[Wed, 06 Aug 2025 06:50:00 GMT] 🔍 Checking NSE:RELIANCE-EQ...
[Wed, 06 Aug 2025 06:50:00 GMT] ❌ No signal for NSE:RELIANCE-EQ
[Wed, 06 Aug 2025 06:50:00 GMT] ❌ No signal for NSE:RELIANCE-EQ
[Wed, 06 Aug 2025 06:51:00 GMT] 🔍 Checking NSE:RELIANCE-EQ...
[Wed, 06 Aug 2025 06:51:00 GMT] 🔍 Checking NSE:RELIANCE-EQ...
[Wed, 06 Aug 2025 06:51:00 GMT] ❌ No signal for NSE:RELIANCE-EQ
[Wed, 06 Aug 2025 06:51:00 GMT] ❌ No signal for NSE:RELIANCE-EQ
[Wed, 06 Aug 2025 06:52:00 GMT] 🔍 Checking NSE:RELIANCE-EQ...
[Wed, 06 Aug 2025 06:52:00 GMT] 🔍 Checking NSE:RELIANCE-EQ...
[Wed, 06 Aug 2025 06:52:00 GMT] ❌ No signal for NSE:RELIANCE-EQ
[Wed, 06 Aug 2025 06:52:00 GMT] ❌ No signal for NSE:RELIANCE-EQ
[Wed, 06 Aug 2025 06:53:00 GMT] 🔍 Checking NSE:RELIANCE-EQ...
[Wed, 06 Aug 2025 06:53:00 GMT] 🔍 Checking NSE:RELIANCE-EQ...
[Wed, 06 Aug 2025 06:53:00 GMT] ❌ No signal for NSE:RELIANCE-EQ
[Wed, 06 Aug 2025 06:53:00 GMT] ❌ No signal for NSE:RELIANCE-EQ
[Wed, 06 Aug 2025 06:54:00 GMT] 🔍 Checking NSE:RELIANCE-EQ...
[Wed, 06 Aug 2025 06:54:00 GMT] 🔍 Checking NSE:RELIANCE-EQ...
[Wed, 06 Aug 2025 06:54:00 GMT] ❌ No signal for NSE:RELIANCE-EQ
[Wed, 06 Aug 2025 06:54:00 GMT] ❌ No signal for NSE:RELIANCE-EQ
[Wed, 06 Aug 2025 06:55:00 GMT] 🔍 Checking NSE:RELIANCE-EQ...
[Wed, 06 Aug 2025 06:55:00 GMT] 🔍 Checking NSE:RELIANCE-EQ...
[Wed, 06 Aug 2025 06:55:00 GMT] ❌ No signal for NSE:RELIANCE-EQ
[Wed, 06 Aug 2025 06:55:00 GMT] ❌ No signal for NSE:RELIANCE-EQ
[Wed, 06 Aug 2025 06:56:00 GMT] 🔍 Checking NSE:RELIANCE-EQ...
[Wed, 06 Aug 2025 06:56:00 GMT] 🔍 Checking NSE:RELIANCE-EQ...
[Wed, 06 Aug 2025 06:56:00 GMT] ❌ No signal for NSE:RELIANCE-EQ
[Wed, 06 Aug 2025 06:56:00 GMT] ❌ No signal for NSE:RELIANCE-EQ
[Wed, 06 Aug 2025 06:57:00 GMT] 🔍 Checking NSE:RELIANCE-EQ...
[Wed, 06 Aug 2025 06:57:00 GMT] 🔍 Checking NSE:RELIANCE-EQ...
[Wed, 06 Aug 2025 06:57:00 GMT] ❌ No signal for NSE:RELIANCE-EQ
[Wed, 06 Aug 2025 06:57:00 GMT] ❌ No signal for NSE:RELIANCE-EQ
[Wed, 06 Aug 2025 06:58:00 GMT] 🔍 Checking NSE:RELIANCE-EQ...
[Wed, 06 Aug 2025 06:58:00 GMT] 🔍 Checking NSE:RELIANCE-EQ...
[Wed, 06 Aug 2025 06:58:00 GMT] ❌ No signal for NSE:RELIANCE-EQ
[Wed, 06 Aug 2025 06:58:00 GMT] ❌ No signal for NSE:RELIANCE-EQ
[Wed, 06 Aug 2025 06:59:00 GMT] 🔍 Checking NSE:RELIANCE-EQ...
[Wed, 06 Aug 2025 06:59:00 GMT] 🔍 Checking NSE:RELIANCE-EQ...
[Wed, 06 Aug 2025 06:59:00 GMT] ❌ No signal for NSE:RELIANCE-EQ
[Wed, 06 Aug 2025 06:59:00 GMT] ❌ No signal for NSE:RELIANCE-EQ
[Wed, 06 Aug 2025 07:00:00 GMT] 🔍 Checking NSE:RELIANCE-EQ...
[Wed, 06 Aug 2025 07:00:00 GMT] 🔍 Checking NSE:RELIANCE-EQ...
[Wed, 06 Aug 2025 07:00:00 GMT] ❌ No signal for NSE:RELIANCE-EQ
[Wed, 06 Aug 2025 07:00:00 GMT] ❌ No signal for NSE:RELIANCE-EQ
[Wed, 06 Aug 2025 07:01:00 GMT] 🔍 Checking NSE:RELIANCE-EQ...
[Wed, 06 Aug 2025 07:01:00 GMT] 🔍 Checking NSE:RELIANCE-EQ...
[Wed, 06 Aug 2025 07:01:00 GMT] ❌ No signal for NSE:RELIANCE-EQ
[Wed, 06 Aug 2025 07:01:00 GMT] ❌ No signal for NSE:RELIANCE-EQ
[Wed, 06 Aug 2025 07:02:00 GMT] 🔍 Checking NSE:RELIANCE-EQ...
[Wed, 06 Aug 2025 07:02:00 GMT] 🔍 Checking NSE:RELIANCE-EQ...
[Wed, 06 Aug 2025 07:02:00 GMT] ❌ No signal for NSE:RELIANCE-EQ
[Wed, 06 Aug 2025 07:02:00 GMT] ❌ No signal for NSE:RELIANCE-EQ
[Wed, 06 Aug 2025 07:03:00 GMT] 🔍 Checking NSE:RELIANCE-EQ...
[Wed, 06 Aug 2025 07:03:00 GMT] 🔍 Checking NSE:RELIANCE-EQ...
[Wed, 06 Aug 2025 07:03:00 GMT] ❌ No signal for NSE:RELIANCE-EQ
[Wed, 06 Aug 2025 07:03:00 GMT] ❌ No signal for NSE:RELIANCE-EQ
[Wed, 06 Aug 2025 07:04:00 GMT] 🔍 Checking NSE:RELIANCE-EQ...
[Wed, 06 Aug 2025 07:04:00 GMT] 🔍 Checking NSE:RELIANCE-EQ...
[Wed, 06 Aug 2025 07:04:00 GMT] ❌ No signal for NSE:RELIANCE-EQ
[Wed, 06 Aug 2025 07:04:00 GMT] ❌ No signal for NSE:RELIANCE-EQ
[Wed, 06 Aug 2025 07:05:00 GMT] 🔍 Checking NSE:RELIANCE-EQ...
[Wed, 06 Aug 2025 07:05:00 GMT] 🔍 Checking NSE:RELIANCE-EQ...
[Wed, 06 Aug 2025 07:05:00 GMT] ❌ No signal for NSE:RELIANCE-EQ
[Wed, 06 Aug 2025 07:05:00 GMT] ❌ No signal for NSE:RELIANCE-EQ
[Wed, 06 Aug 2025 07:06:00 GMT] 🔍 Checking NSE:RELIANCE-EQ...
[Wed, 06 Aug 2025 07:06:00 GMT] 🔍 Checking NSE:RELIANCE-EQ...
[Wed, 06 Aug 2025 07:06:00 GMT] ❌ No signal for NSE:RELIANCE-EQ
[Wed, 06 Aug 2025 07:06:00 GMT] ❌ No signal for NSE:RELIANCE-EQ
[Wed, 06 Aug 2025 07:07:00 GMT] 🔍 Checking NSE:RELIANCE-EQ...
[Wed, 06 Aug 2025 07:07:00 GMT] 🔍 Checking NSE:RELIANCE-EQ...
[Wed, 06 Aug 2025 07:07:00 GMT] ❌ No signal for NSE:RELIANCE-EQ
[Wed, 06 Aug 2025 07:07:00 GMT] ❌ No signal for NSE:RELIANCE-EQ
[Wed, 06 Aug 2025 07:08:00 GMT] 🔍 Checking NSE:RELIANCE-EQ...
[Wed, 06 Aug 2025 07:08:00 GMT] 🔍 Checking NSE:RELIANCE-EQ...
[Wed, 06 Aug 2025 07:08:00 GMT] ❌ No signal for NSE:RELIANCE-EQ
[Wed, 06 Aug 2025 07:08:00 GMT] ❌ No signal for NSE:RELIANCE-EQ
[Wed, 06 Aug 2025 07:09:00 GMT] 🔍 Checking NSE:RELIANCE-EQ...
[Wed, 06 Aug 2025 07:09:00 GMT] 🔍 Checking NSE:RELIANCE-EQ...
[Wed, 06 Aug 2025 07:09:00 GMT] ❌ No signal for NSE:RELIANCE-EQ
[Wed, 06 Aug 2025 07:09:00 GMT] ❌ No signal for NSE:RELIANCE-EQ
[Wed, 06 Aug 2025 07:10:00 GMT] 🔍 Checking NSE:RELIANCE-EQ...
[Wed, 06 Aug 2025 07:10:00 GMT] 🔍 Checking NSE:RELIANCE-EQ...
[Wed, 06 Aug 2025 07:10:00 GMT] ❌ No signal for NSE:RELIANCE-EQ
[Wed, 06 Aug 2025 07:10:00 GMT] ❌ No signal for NSE:RELIANCE-EQ
[Wed, 06 Aug 2025 07:11:00 GMT] 🔍 Checking NSE:RELIANCE-EQ...
[Wed, 06 Aug 2025 07:11:00 GMT] 🔍 Checking NSE:RELIANCE-EQ...
[Wed, 06 Aug 2025 07:11:00 GMT] ❌ No signal for NSE:RELIANCE-EQ
[Wed, 06 Aug 2025 07:11:00 GMT] ❌ No signal for NSE:RELIANCE-EQ
[Wed, 06 Aug 2025 07:12:00 GMT] 🔍 Checking NSE:RELIANCE-EQ...
[Wed, 06 Aug 2025 07:12:00 GMT] 🔍 Checking NSE:RELIANCE-EQ...
[Wed, 06 Aug 2025 07:12:00 GMT] ❌ No signal for NSE:RELIANCE-EQ
[Wed, 06 Aug 2025 07:12:00 GMT] ❌ No signal for NSE:RELIANCE-EQ
[Wed, 06 Aug 2025 07:13:00 GMT] 🔍 Checking NSE:RELIANCE-EQ...
[Wed, 06 Aug 2025 07:13:00 GMT] 🔍 Checking NSE:RELIANCE-EQ...
[Wed, 06 Aug 2025 07:13:00 GMT] ❌ No signal for NSE:RELIANCE-EQ
[Wed, 06 Aug 2025 07:13:00 GMT] ❌ No signal for NSE:RELIANCE-EQ
[Wed, 06 Aug 2025 07:14:00 GMT] 🔍 Checking NSE:RELIANCE-EQ...
[Wed, 06 Aug 2025 07:14:00 GMT] 🔍 Checking NSE:RELIANCE-EQ...
[Wed, 06 Aug 2025 07:14:00 GMT] ❌ No signal for NSE:RELIANCE-EQ
[Wed, 06 Aug 2025 07:14:00 GMT] ❌ No signal for NSE:RELIANCE-EQ
[Wed, 06 Aug 2025 07:15:00 GMT] 🔍 Checking NSE:RELIANCE-EQ...
[Wed, 06 Aug 2025 07:15:00 GMT] 🔍 Checking NSE:RELIANCE-EQ...
[Wed, 06 Aug 2025 07:15:00 GMT] ❌ No signal for NSE:RELIANCE-EQ
[Wed, 06 Aug 2025 07:15:00 GMT] ❌ No signal for NSE:RELIANCE-EQ
[Wed, 06 Aug 2025 07:16:00 GMT] 🔍 Checking NSE:RELIANCE-EQ...
[Wed, 06 Aug 2025 07:16:00 GMT] 🔍 Checking NSE:RELIANCE-EQ...
[Wed, 06 Aug 2025 07:16:00 GMT] ❌ No signal for NSE:RELIANCE-EQ
[Wed, 06 Aug 2025 07:16:00 GMT] ❌ No signal for NSE:RELIANCE-EQ
[Wed, 06 Aug 2025 07:17:00 GMT] 🔍 Checking NSE:RELIANCE-EQ...
[Wed, 06 Aug 2025 07:17:00 GMT] 🔍 Checking NSE:RELIANCE-EQ...
[Wed, 06 Aug 2025 07:17:00 GMT] ❌ No signal for NSE:RELIANCE-EQ
[Wed, 06 Aug 2025 07:17:00 GMT] ❌ No signal for NSE:RELIANCE-EQ
[Wed, 06 Aug 2025 07:18:00 GMT] 🔍 Checking NSE:RELIANCE-EQ...
[Wed, 06 Aug 2025 07:18:00 GMT] 🔍 Checking NSE:RELIANCE-EQ...
[Wed, 06 Aug 2025 07:18:00 GMT] ❌ No signal for NSE:RELIANCE-EQ
[Wed, 06 Aug 2025 07:18:00 GMT] ❌ No signal for NSE:RELIANCE-EQ
[Wed, 06 Aug 2025 07:19:00 GMT] 🔍 Checking NSE:RELIANCE-EQ...
[Wed, 06 Aug 2025 07:19:00 GMT] 🔍 Checking NSE:RELIANCE-EQ...
[Wed, 06 Aug 2025 07:19:00 GMT] ❌ No signal for NSE:RELIANCE-EQ
[Wed, 06 Aug 2025 07:19:00 GMT] ❌ No signal for NSE:RELIANCE-EQ
[Wed, 06 Aug 2025 07:20:00 GMT] 🔍 Checking NSE:RELIANCE-EQ...
[Wed, 06 Aug 2025 07:20:00 GMT] 🔍 Checking NSE:RELIANCE-EQ...
[Wed, 06 Aug 2025 07:20:00 GMT] ❌ No signal for NSE:RELIANCE-EQ
[Wed, 06 Aug 2025 07:20:00 GMT] ❌ No signal for NSE:RELIANCE-EQ
[2025-08-07 09:13:26] 🔍 Checking NSE:RELIANCE-EQ...
[2025-08-07 09:13:26] ❌ No signal for NSE:RELIANCE-EQ
[2025-08-07 09:14:00] 🔍 Checking NSE:RELIANCE-EQ...
[2025-08-07 09:14:00] ❌ No signal for NSE:RELIANCE-EQ
[2025-08-07 09:15:00] 🔍 Checking NSE:RELIANCE-EQ...
[2025-08-07 09:15:00] ❌ No signal for NSE:RELIANCE-EQ
[2025-08-07 09:16:00] 🔍 Checking NSE:RELIANCE-EQ...
[2025-08-07 09:16:00] ❌ No signal for NSE:RELIANCE-EQ
[2025-08-07 09:17:00] 🔍 Checking NSE:RELIANCE-EQ...
[2025-08-07 09:17:00] ❌ No signal for NSE:RELIANCE-EQ
[2025-08-07 09:18:00] 🔍 Checking NSE:RELIANCE-EQ...
[2025-08-07 09:18:00] ❌ No signal for NSE:RELIANCE-EQ
[2025-08-07 09:19:00] 🔍 Checking NSE:RELIANCE-EQ...
[2025-08-07 09:19:00] ❌ No signal for NSE:RELIANCE-EQ
[2025-08-07 09:20:00] 🔍 Checking NSE:RELIANCE-EQ...
[2025-08-07 09:20:00] ❌ No signal for NSE:RELIANCE-EQ
[2025-08-07 09:21:00] 🔍 Checking NSE:RELIANCE-EQ...
[2025-08-07 09:21:00] ❌ No signal for NSE:RELIANCE-EQ
[2025-08-07 09:22:00] 🔍 Checking NSE:RELIANCE-EQ...
[2025-08-07 09:22:00] ❌ No signal for NSE:RELIANCE-EQ
[2025-08-07 09:23:00] 🔍 Checking NSE:RELIANCE-EQ...
[2025-08-07 09:23:00] ❌ No signal for NSE:RELIANCE-EQ
[2025-08-07 09:24:00] 🔍 Checking NSE:RELIANCE-EQ...
[2025-08-07 09:24:00] ❌ No signal for NSE:RELIANCE-EQ
[2025-08-07 09:25:00] 🔍 Checking NSE:RELIANCE-EQ...
[2025-08-07 09:25:00] ❌ No signal for NSE:RELIANCE-EQ
[2025-08-07 09:26:00] 🔍 Checking NSE:RELIANCE-EQ...
[2025-08-07 09:26:00] ❌ No signal for NSE:RELIANCE-EQ
[2025-08-07 09:27:00] 🔍 Checking NSE:RELIANCE-EQ...
[2025-08-07 09:27:00] ❌ No signal for NSE:RELIANCE-EQ
[2025-08-07 09:28:00] 🔍 Checking NSE:RELIANCE-EQ...
[2025-08-07 09:28:00] ❌ No signal for NSE:RELIANCE-EQ
[2025-08-07 09:29:00] 🔍 Checking NSE:RELIANCE-EQ...
[2025-08-07 09:29:00] ❌ No signal for NSE:RELIANCE-EQ
[2025-08-07 09:30:00] 🔍 Checking NSE:RELIANCE-EQ...
[2025-08-07 09:30:00] ❌ No signal for NSE:RELIANCE-EQ
[2025-08-07 09:31:00] 🔍 Checking NSE:RELIANCE-EQ...
[2025-08-07 09:31:00] ❌ No signal for NSE:RELIANCE-EQ
[2025-08-07 09:32:00] 🔍 Checking NSE:RELIANCE-EQ...
[2025-08-07 09:32:00] ❌ No signal for NSE:RELIANCE-EQ
[2025-08-07 09:33:00] 🔍 Checking NSE:RELIANCE-EQ...
[2025-08-07 09:33:00] ❌ No signal for NSE:RELIANCE-EQ
[2025-08-07 09:34:00] 🔍 Checking NSE:RELIANCE-EQ...
[2025-08-07 09:34:00] ❌ No signal for NSE:RELIANCE-EQ
[2025-08-07 09:35:00] 🔍 Checking NSE:RELIANCE-EQ...
[2025-08-07 09:35:00] ❌ No signal for NSE:RELIANCE-EQ
[2025-08-07 09:36:00] 🔍 Checking NSE:RELIANCE-EQ...
[2025-08-07 09:36:00] ❌ No signal for NSE:RELIANCE-EQ
[2025-08-07 09:37:00] 🔍 Checking NSE:RELIANCE-EQ...
[2025-08-07 09:37:00] ❌ No signal for NSE:RELIANCE-EQ
[2025-08-07 09:38:00] 🔍 Checking NSE:RELIANCE-EQ...
[2025-08-07 09:38:00] ❌ No signal for NSE:RELIANCE-EQ
[2025-08-07 09:39:00] 🔍 Checking NSE:RELIANCE-EQ...
[2025-08-07 09:39:00] ❌ No signal for NSE:RELIANCE-EQ
[2025-08-07 09:40:00] 🔍 Checking NSE:RELIANCE-EQ...
[2025-08-07 09:40:00] ❌ No signal for NSE:RELIANCE-EQ
[2025-08-07 09:41:00] 🔍 Checking NSE:RELIANCE-EQ...
[2025-08-07 09:41:00] ❌ No signal for NSE:RELIANCE-EQ
[2025-08-07 09:42:00] 🔍 Checking NSE:RELIANCE-EQ...
[2025-08-07 09:42:00] ❌ No signal for NSE:RELIANCE-EQ
[2025-08-07 09:43:00] 🔍 Checking NSE:RELIANCE-EQ...
[2025-08-07 09:43:00] ❌ No signal for NSE:RELIANCE-EQ
[2025-08-07 09:44:00] 🔍 Checking NSE:RELIANCE-EQ...
[2025-08-07 09:44:00] ❌ No signal for NSE:RELIANCE-EQ
[2025-08-07 09:45:00] 🔍 Checking NSE:RELIANCE-EQ...
[2025-08-07 09:45:00] ❌ No signal for NSE:RELIANCE-EQ
[2025-08-07 09:46:00] 🔍 Checking NSE:RELIANCE-EQ...
[2025-08-07 09:46:00] ❌ No signal for NSE:RELIANCE-EQ
[2025-08-07 09:47:00] 🔍 Checking NSE:RELIANCE-EQ...
[2025-08-07 09:47:00] ❌ No signal for NSE:RELIANCE-EQ
[2025-08-07 09:48:00] 🔍 Checking NSE:RELIANCE-EQ...
[2025-08-07 09:48:00] ❌ No signal for NSE:RELIANCE-EQ
[llll] 🔍 Checking NSE:RELIANCE-EQ...
[llll] ❌ No signal for NSE:RELIANCE-EQ
[llll] 🔍 Checking NSE:RELIANCE-EQ...
[llll] ❌ No signal for NSE:RELIANCE-EQ
[Thu, Aug 7, 2025 9:52 AM] 🔍 Checking NSE:RELIANCE-EQ...
[Thu, Aug 7, 2025 9:52 AM] ❌ No signal for NSE:RELIANCE-EQ
[Thu, Aug 7, 2025 9:53 AM] 🔍 Checking NSE:RELIANCE-EQ...
[Thu, Aug 7, 2025 9:53 AM] ❌ No signal for NSE:RELIANCE-EQ
[Thu, Aug 7, 2025 9:54 AM] 🔍 Checking NSE:RELIANCE-EQ...
[Thu, Aug 7, 2025 9:54 AM] ❌ No signal for NSE:RELIANCE-EQ
[Thu, Aug 7, 2025 9:54 AM 33] 🔍 Checking NSE:RELIANCE-EQ...
[Thu, Aug 7, 2025 9:54 AM 33] ❌ No signal for NSE:RELIANCE-EQ
[Thu, Aug 7, 2025 9:55 AM 00] 🔍 Checking NSE:RELIANCE-EQ...
[Thu, Aug 7, 2025 9:55 AM 00] ❌ No signal for NSE:RELIANCE-EQ
[Thu, Aug 7, 2025 9:56 AM 00] 🔍 Checking NSE:RELIANCE-EQ...
[Thu, Aug 7, 2025 9:56 AM 00] ❌ No signal for NSE:RELIANCE-EQ
[Thu, Aug 7, 2025 9:57 AM 00] 🔍 Checking NSE:RELIANCE-EQ...
[Thu, Aug 7, 2025 9:57 AM 00] ❌ No signal for NSE:RELIANCE-EQ
[Thu, Aug 7, 2025 9:58 AM 00] 🔍 Checking NSE:RELIANCE-EQ...
[Thu, Aug 7, 2025 9:58 AM 00] ❌ No signal for NSE:RELIANCE-EQ
[Thu, Aug 7, 2025 9:59 AM 00] 🔍 Checking NSE:RELIANCE-EQ...
[Thu, Aug 7, 2025 9:59 AM 00] ❌ No signal for NSE:RELIANCE-EQ
[Thu, Aug 7, 2025 10:00 AM 00] 🔍 Checking NSE:RELIANCE-EQ...
[Thu, Aug 7, 2025 10:00 AM 00] ❌ No signal for NSE:RELIANCE-EQ
[Thu, Aug 7, 2025 10:01 AM 00] 🔍 Checking NSE:RELIANCE-EQ...
[Thu, Aug 7, 2025 10:01 AM 00] ❌ No signal for NSE:RELIANCE-EQ
[Thu, Aug 7, 2025 10:02 AM 00] 🔍 Checking NSE:RELIANCE-EQ...
[Thu, Aug 7, 2025 10:02 AM 00] ❌ No signal for NSE:RELIANCE-EQ
[Thu, Aug 7, 2025 10:03 AM 00] 🔍 Checking NSE:RELIANCE-EQ...
[Thu, Aug 7, 2025 10:03 AM 00] ❌ No signal for NSE:RELIANCE-EQ
[Thu, Aug 7, 2025 10:04 AM 00] 🔍 Checking NSE:RELIANCE-EQ...
[Thu, Aug 7, 2025 10:04 AM 00] ❌ No signal for NSE:RELIANCE-EQ
[Thu, Aug 7, 2025 10:05 AM 00] 🔍 Checking NSE:RELIANCE-EQ...
[Thu, Aug 7, 2025 10:05 AM 00] ❌ No signal for NSE:RELIANCE-EQ
[Thu, Aug 7, 2025 10:06 AM 00] 🔍 Checking NSE:RELIANCE-EQ...
[Thu, Aug 7, 2025 10:06 AM 00] ❌ No signal for NSE:RELIANCE-EQ
[Thu, Aug 7, 2025 10:07 AM 00] 🔍 Checking NSE:RELIANCE-EQ...
[Thu, Aug 7, 2025 10:07 AM 00] ❌ No signal for NSE:RELIANCE-EQ
[Thu, Aug 7, 2025 10:08 AM 00] 🔍 Checking NSE:RELIANCE-EQ...
[Thu, Aug 7, 2025 10:08 AM 00] ❌ No signal for NSE:RELIANCE-EQ
[Thu, Aug 7, 2025 10:09 AM 00] 🔍 Checking NSE:RELIANCE-EQ...
[Thu, Aug 7, 2025 10:09 AM 00] ❌ No signal for NSE:RELIANCE-EQ
[Thu, Aug 7, 2025 10:10 AM 00] 🔍 Checking NSE:RELIANCE-EQ...
[Thu, Aug 7, 2025 10:10 AM 00] ❌ No signal for NSE:RELIANCE-EQ
[Thu, Aug 7, 2025 10:11 AM 00] 🔍 Checking NSE:RELIANCE-EQ...
[Thu, Aug 7, 2025 10:11 AM 00] ❌ No signal for NSE:RELIANCE-EQ
[Thu, Aug 7, 2025 10:12 AM 00] 🔍 Checking NSE:RELIANCE-EQ...
[Thu, Aug 7, 2025 10:12 AM 00] ❌ No signal for NSE:RELIANCE-EQ
[Thu, Aug 7, 2025 10:13 AM 00] 🔍 Checking NSE:RELIANCE-EQ...
[Thu, Aug 7, 2025 10:13 AM 00] ❌ No signal for NSE:RELIANCE-EQ
[Thu, Aug 7, 2025 10:14 AM 00] 🔍 Checking NSE:RELIANCE-EQ...
[Thu, Aug 7, 2025 10:14 AM 00] ❌ No signal for NSE:RELIANCE-EQ
[Thu, Aug 7, 2025 10:15 AM 00] 🔍 Checking NSE:RELIANCE-EQ...
[Thu, Aug 7, 2025 10:15 AM 00] ❌ No signal for NSE:RELIANCE-EQ
[Thu, Aug 7, 2025 10:16 AM 00] 🔍 Checking NSE:RELIANCE-EQ...
[Thu, Aug 7, 2025 10:16 AM 00] ❌ No signal for NSE:RELIANCE-EQ
[Thu, Aug 7, 2025 10:17 AM 00] 🔍 Checking NSE:RELIANCE-EQ...
[Thu, Aug 7, 2025 10:17 AM 00] ❌ No signal for NSE:RELIANCE-EQ
[Thu, Aug 7, 2025 10:18 AM 00] 🔍 Checking NSE:RELIANCE-EQ...
[Thu, Aug 7, 2025 10:18 AM 00] ❌ No signal for NSE:RELIANCE-EQ
[Thu, Aug 7, 2025 10:19 AM 00] 🔍 Checking NSE:RELIANCE-EQ...
[Thu, Aug 7, 2025 10:19 AM 00] ❌ No signal for NSE:RELIANCE-EQ
[Thu, Aug 7, 2025 10:20 AM 00] 🔍 Checking NSE:RELIANCE-EQ...
[Thu, Aug 7, 2025 10:20 AM 00] ❌ No signal for NSE:RELIANCE-EQ
[Thu, Aug 7, 2025 10:21 AM 00] 🔍 Checking NSE:RELIANCE-EQ...
[Thu, Aug 7, 2025 10:21 AM 00] ❌ No signal for NSE:RELIANCE-EQ
[Thu, Aug 7, 2025 10:22 AM 00] 🔍 Checking NSE:RELIANCE-EQ...
[Thu, Aug 7, 2025 10:22 AM 00] ❌ No signal for NSE:RELIANCE-EQ
[Thu, Aug 7, 2025 10:23 AM 00] 🔍 Checking NSE:RELIANCE-EQ...
[Thu, Aug 7, 2025 10:23 AM 00] ❌ No signal for NSE:RELIANCE-EQ
[Thu, Aug 7, 2025 10:24 AM 00] 🔍 Checking NSE:RELIANCE-EQ...
[Thu, Aug 7, 2025 10:24 AM 00] ❌ No signal for NSE:RELIANCE-EQ
[Thu, Aug 7, 2025 10:25 AM 00] 🔍 Checking NSE:RELIANCE-EQ...
[Thu, Aug 7, 2025 10:25 AM 00] ❌ No signal for NSE:RELIANCE-EQ
[Thu, Aug 7, 2025 10:26 AM 00] 🔍 Checking NSE:RELIANCE-EQ...
[Thu, Aug 7, 2025 10:26 AM 00] ❌ No signal for NSE:RELIANCE-EQ
[Thu, Aug 7, 2025 10:27 AM 00] 🔍 Checking NSE:RELIANCE-EQ...
[Thu, Aug 7, 2025 10:27 AM 00] ❌ No signal for NSE:RELIANCE-EQ
[Thu, Aug 7, 2025 10:28 AM 00] 🔍 Checking NSE:RELIANCE-EQ...
[Thu, Aug 7, 2025 10:28 AM 00] ❌ No signal for NSE:RELIANCE-EQ
[Thu, Aug 7, 2025 10:29 AM 00] 🔍 Checking NSE:RELIANCE-EQ...
[Thu, Aug 7, 2025 10:29 AM 00] ❌ No signal for NSE:RELIANCE-EQ
[Thu, Aug 7, 2025 10:30 AM 00] 🔍 Checking NSE:RELIANCE-EQ...
[Thu, Aug 7, 2025 10:30 AM 00] ❌ No signal for NSE:RELIANCE-EQ
[Thu, Aug 7, 2025 10:31 AM 00] 🔍 Checking NSE:RELIANCE-EQ...
[Thu, Aug 7, 2025 10:31 AM 00] ❌ No signal for NSE:RELIANCE-EQ
[Thu, Aug 7, 2025 10:32 AM 00] 🔍 Checking NSE:RELIANCE-EQ...
[Thu, Aug 7, 2025 10:32 AM 00] ❌ No signal for NSE:RELIANCE-EQ
[Thu, Aug 7, 2025 10:33 AM 00] 🔍 Checking NSE:RELIANCE-EQ...
[Thu, Aug 7, 2025 10:33 AM 00] ❌ No signal for NSE:RELIANCE-EQ
[Thu, Aug 7, 2025 10:34 AM 00] 🔍 Checking NSE:RELIANCE-EQ...
[Thu, Aug 7, 2025 10:34 AM 00] ❌ No signal for NSE:RELIANCE-EQ
[Thu, Aug 7, 2025 10:35 AM 00] 🔍 Checking NSE:RELIANCE-EQ...
[Thu, Aug 7, 2025 10:35 AM 00] ❌ No signal for NSE:RELIANCE-EQ
[Thu, Aug 7, 2025 10:36 AM 00] 🔍 Checking NSE:RELIANCE-EQ...
[Thu, Aug 7, 2025 10:36 AM 00] ❌ No signal for NSE:RELIANCE-EQ
[Thu, Aug 7, 2025 10:37 AM 00] 🔍 Checking NSE:RELIANCE-EQ...
[Thu, Aug 7, 2025 10:37 AM 00] ❌ No signal for NSE:RELIANCE-EQ
[Thu, Aug 7, 2025 10:38 AM 00] 🔍 Checking NSE:RELIANCE-EQ...
[Thu, Aug 7, 2025 10:38 AM 00] ❌ No signal for NSE:RELIANCE-EQ
[Thu, Aug 7, 2025 10:39 AM 00] 🔍 Checking NSE:RELIANCE-EQ...
[Thu, Aug 7, 2025 10:39 AM 00] ❌ No signal for NSE:RELIANCE-EQ
[Thu, Aug 7, 2025 10:40 AM 00] 🔍 Checking NSE:RELIANCE-EQ...
[Thu, Aug 7, 2025 10:40 AM 00] ❌ No signal for NSE:RELIANCE-EQ
[Thu, Aug 7, 2025 10:41 AM 00] 🔍 Checking NSE:RELIANCE-EQ...
[Thu, Aug 7, 2025 10:41 AM 00] ❌ No signal for NSE:RELIANCE-EQ
[Thu, Aug 7, 2025 10:42 AM 00] 🔍 Checking NSE:RELIANCE-EQ...
[Thu, Aug 7, 2025 10:42 AM 00] ❌ No signal for NSE:RELIANCE-EQ
[Thu, Aug 7, 2025 10:43 AM 00] 🔍 Checking NSE:RELIANCE-EQ...
[Thu, Aug 7, 2025 10:43 AM 00] ❌ No signal for NSE:RELIANCE-EQ
[Thu, Aug 7, 2025 10:44 AM 00] 🔍 Checking NSE:RELIANCE-EQ...
[Thu, Aug 7, 2025 10:44 AM 00] ❌ No signal for NSE:RELIANCE-EQ
[Thu, Aug 7, 2025 10:45 AM 00] 🔍 Checking NSE:RELIANCE-EQ...
[Thu, Aug 7, 2025 10:45 AM 00] ❌ No signal for NSE:RELIANCE-EQ
[Thu, Aug 7, 2025 10:46 AM 00] 🔍 Checking NSE:RELIANCE-EQ...
[Thu, Aug 7, 2025 10:46 AM 00] ❌ No signal for NSE:RELIANCE-EQ
[Thu, Aug 7, 2025 10:47 AM 00] 🔍 Checking NSE:RELIANCE-EQ...
[Thu, Aug 7, 2025 10:47 AM 00] ❌ No signal for NSE:RELIANCE-EQ
[Thu, Aug 7, 2025 10:48 AM 00] 🔍 Checking NSE:RELIANCE-EQ...
[Thu, Aug 7, 2025 10:48 AM 00] ❌ No signal for NSE:RELIANCE-EQ
[Thu, Aug 7, 2025 10:49 AM 00] 🔍 Checking NSE:RELIANCE-EQ...
[Thu, Aug 7, 2025 10:49 AM 00] ❌ No signal for NSE:RELIANCE-EQ
[Thu, Aug 7, 2025 10:50 AM 00] 🔍 Checking NSE:RELIANCE-EQ...
[Thu, Aug 7, 2025 10:50 AM 00] ❌ No signal for NSE:RELIANCE-EQ
[Thu, Aug 7, 2025 10:51 AM 00] 🔍 Checking NSE:RELIANCE-EQ...
[Thu, Aug 7, 2025 10:51 AM 00] ❌ No signal for NSE:RELIANCE-EQ
[Thu, Aug 7, 2025 10:52 AM 00] 🔍 Checking NSE:RELIANCE-EQ...
[Thu, Aug 7, 2025 10:52 AM 00] ❌ No signal for NSE:RELIANCE-EQ
[Thu, Aug 7, 2025 10:53 AM 00] 🔍 Checking NSE:RELIANCE-EQ...
[Thu, Aug 7, 2025 10:53 AM 00] ❌ No signal for NSE:RELIANCE-EQ
[Thu, Aug 7, 2025 10:54 AM 00] 🔍 Checking NSE:RELIANCE-EQ...
[Thu, Aug 7, 2025 10:54 AM 00] ❌ No signal for NSE:RELIANCE-EQ
[Thu, Aug 7, 2025 10:55 AM 00] 🔍 Checking NSE:RELIANCE-EQ...
[Thu, Aug 7, 2025 10:55 AM 00] ❌ No signal for NSE:RELIANCE-EQ
[Thu, Aug 7, 2025 10:56 AM 00] 🔍 Checking NSE:RELIANCE-EQ...
[Thu, Aug 7, 2025 10:56 AM 00] ❌ No signal for NSE:RELIANCE-EQ
[Thu, Aug 7, 2025 10:57 AM 00] 🔍 Checking NSE:RELIANCE-EQ...
[Thu, Aug 7, 2025 10:57 AM 00] ❌ No signal for NSE:RELIANCE-EQ
[Thu, Aug 7, 2025 10:58 AM 00] 🔍 Checking NSE:RELIANCE-EQ...
[Thu, Aug 7, 2025 10:58 AM 00] ❌ No signal for NSE:RELIANCE-EQ
[Thu, Aug 7, 2025 10:59 AM 00] 🔍 Checking NSE:RELIANCE-EQ...
[Thu, Aug 7, 2025 10:59 AM 00] ❌ No signal for NSE:RELIANCE-EQ
[Thu, Aug 7, 2025 11:00 AM 00] 🔍 Checking NSE:RELIANCE-EQ...
[Thu, Aug 7, 2025 11:00 AM 00] ❌ No signal for NSE:RELIANCE-EQ
[Thu, Aug 7, 2025 11:01 AM 00] 🔍 Checking NSE:RELIANCE-EQ...
[Thu, Aug 7, 2025 11:01 AM 00] ❌ No signal for NSE:RELIANCE-EQ
[Thu, Aug 7, 2025 11:02 AM 00] 🔍 Checking NSE:RELIANCE-EQ...
[Thu, Aug 7, 2025 11:02 AM 00] ❌ No signal for NSE:RELIANCE-EQ
[Thu, Aug 7, 2025 11:03 AM 00] 🔍 Checking NSE:RELIANCE-EQ...
[Thu, Aug 7, 2025 11:03 AM 00] ❌ No signal for NSE:RELIANCE-EQ
[Thu, Aug 7, 2025 11:04 AM 00] 🔍 Checking NSE:RELIANCE-EQ...
[Thu, Aug 7, 2025 11:04 AM 00] ❌ No signal for NSE:RELIANCE-EQ
[Thu, Aug 7, 2025 11:05 AM 00] 🔍 Checking NSE:RELIANCE-EQ...
[Thu, Aug 7, 2025 11:05 AM 00] ❌ No signal for NSE:RELIANCE-EQ
[Thu, Aug 7, 2025 11:06 AM 00] 🔍 Checking NSE:RELIANCE-EQ...
[Thu, Aug 7, 2025 11:06 AM 00] ❌ No signal for NSE:RELIANCE-EQ
[Thu, Aug 7, 2025 11:07 AM 00] 🔍 Checking NSE:RELIANCE-EQ...
[Thu, Aug 7, 2025 11:07 AM 00] ❌ No signal for NSE:RELIANCE-EQ
[Thu, Aug 7, 2025 11:08 AM 00] 🔍 Checking NSE:RELIANCE-EQ...
[Thu, Aug 7, 2025 11:08 AM 00] ❌ No signal for NSE:RELIANCE-EQ
[Thu, Aug 7, 2025 11:09 AM 00] 🔍 Checking NSE:RELIANCE-EQ...
[Thu, Aug 7, 2025 11:09 AM 00] ❌ No signal for NSE:RELIANCE-EQ
[Thu, Aug 7, 2025 11:10 AM 00] 🔍 Checking NSE:RELIANCE-EQ...
[Thu, Aug 7, 2025 11:10 AM 00] ❌ No signal for NSE:RELIANCE-EQ
[Thu, Aug 7, 2025 11:11 AM 00] 🔍 Checking NSE:RELIANCE-EQ...
[Thu, Aug 7, 2025 11:11 AM 00] ❌ No signal for NSE:RELIANCE-EQ
[Thu, Aug 7, 2025 11:12 AM 00] 🔍 Checking NSE:RELIANCE-EQ...
[Thu, Aug 7, 2025 11:12 AM 00] ❌ No signal for NSE:RELIANCE-EQ
[Thu, Aug 7, 2025 11:13 AM 00] 🔍 Checking NSE:RELIANCE-EQ...
[Thu, Aug 7, 2025 11:13 AM 00] ❌ No signal for NSE:RELIANCE-EQ
[Thu, Aug 7, 2025 11:14 AM 00] 🔍 Checking NSE:RELIANCE-EQ...
[Thu, Aug 7, 2025 11:14 AM 00] ❌ No signal for NSE:RELIANCE-EQ
[Thu, Aug 7, 2025 11:15 AM 00] 🔍 Checking NSE:RELIANCE-EQ...
[Thu, Aug 7, 2025 11:15 AM 00] ❌ No signal for NSE:RELIANCE-EQ
[Thu, Aug 7, 2025 11:16 AM 00] 🔍 Checking NSE:RELIANCE-EQ...
[Thu, Aug 7, 2025 11:16 AM 00] ❌ No signal for NSE:RELIANCE-EQ
[Thu, Aug 7, 2025 11:17 AM 00] 🔍 Checking NSE:RELIANCE-EQ...
[Thu, Aug 7, 2025 11:17 AM 00] ❌ No signal for NSE:RELIANCE-EQ
[Thu, Aug 7, 2025 11:18 AM 00] 🔍 Checking NSE:RELIANCE-EQ...
[Thu, Aug 7, 2025 11:18 AM 00] ❌ No signal for NSE:RELIANCE-EQ
[Thu, Aug 7, 2025 11:19 AM 00] 🔍 Checking NSE:RELIANCE-EQ...
[Thu, Aug 7, 2025 11:19 AM 00] ❌ No signal for NSE:RELIANCE-EQ
[Thu, Aug 7, 2025 11:20 AM 00] 🔍 Checking NSE:RELIANCE-EQ...
[Thu, Aug 7, 2025 11:20 AM 00] ❌ No signal for NSE:RELIANCE-EQ
[Thu, Aug 7, 2025 11:21 AM 00] 🔍 Checking NSE:RELIANCE-EQ...
[Thu, Aug 7, 2025 11:21 AM 00] ❌ No signal for NSE:RELIANCE-EQ
[Thu, Aug 7, 2025 11:22 AM 00] 🔍 Checking NSE:RELIANCE-EQ...
[Thu, Aug 7, 2025 11:22 AM 00] ❌ No signal for NSE:RELIANCE-EQ
[Thu, Aug 7, 2025 11:23 AM 00] 🔍 Checking NSE:RELIANCE-EQ...
[Thu, Aug 7, 2025 11:23 AM 00] ❌ No signal for NSE:RELIANCE-EQ
[Thu, Aug 7, 2025 11:24 AM 00] 🔍 Checking NSE:RELIANCE-EQ...
[Thu, Aug 7, 2025 11:24 AM 00] ❌ No signal for NSE:RELIANCE-EQ
[Thu, Aug 7, 2025 11:25 AM 00] 🔍 Checking NSE:RELIANCE-EQ...
[Thu, Aug 7, 2025 11:25 AM 00] ❌ No signal for NSE:RELIANCE-EQ
[Thu, Aug 7, 2025 11:26 AM 00] 🔍 Checking NSE:RELIANCE-EQ...
[Thu, Aug 7, 2025 11:26 AM 00] ❌ No signal for NSE:RELIANCE-EQ
[Thu, Aug 7, 2025 11:27 AM 00] 🔍 Checking NSE:RELIANCE-EQ...
[Thu, Aug 7, 2025 11:27 AM 00] ❌ No signal for NSE:RELIANCE-EQ
[Thu, Aug 7, 2025 11:28 AM 00] 🔍 Checking NSE:RELIANCE-EQ...
[Thu, Aug 7, 2025 11:28 AM 00] ❌ No signal for NSE:RELIANCE-EQ
[Thu, Aug 7, 2025 11:29 AM 00] 🔍 Checking NSE:RELIANCE-EQ...
[Thu, Aug 7, 2025 11:29 AM 00] ❌ No signal for NSE:RELIANCE-EQ
[Thu, Aug 7, 2025 11:30 AM 00] 🔍 Checking NSE:RELIANCE-EQ...
[Thu, Aug 7, 2025 11:30 AM 00] ❌ No signal for NSE:RELIANCE-EQ
[Thu, Aug 7, 2025 11:31 AM 00] 🔍 Checking NSE:RELIANCE-EQ...
[Thu, Aug 7, 2025 11:31 AM 00] ❌ No signal for NSE:RELIANCE-EQ
[Thu, Aug 7, 2025 11:32 AM 00] 🔍 Checking NSE:RELIANCE-EQ...
[Thu, Aug 7, 2025 11:32 AM 00] ❌ No signal for NSE:RELIANCE-EQ
[Thu, Aug 7, 2025 11:33 AM 00] 🔍 Checking NSE:RELIANCE-EQ...
[Thu, Aug 7, 2025 11:33 AM 00] ❌ No signal for NSE:RELIANCE-EQ
[Thu, Aug 7, 2025 11:34 AM 00] 🔍 Checking NSE:RELIANCE-EQ...
[Thu, Aug 7, 2025 11:34 AM 00] ❌ No signal for NSE:RELIANCE-EQ
[Thu, Aug 7, 2025 11:35 AM 00] 🔍 Checking NSE:RELIANCE-EQ...
[Thu, Aug 7, 2025 11:35 AM 00] ❌ No signal for NSE:RELIANCE-EQ
[Thu, Aug 7, 2025 11:36 AM 00] 🔍 Checking NSE:RELIANCE-EQ...
[Thu, Aug 7, 2025 11:36 AM 00] ❌ No signal for NSE:RELIANCE-EQ
[Thu, Aug 7, 2025 11:37 AM 00] 🔍 Checking NSE:RELIANCE-EQ...
[Thu, Aug 7, 2025 11:37 AM 00] ❌ No signal for NSE:RELIANCE-EQ
[Thu, Aug 7, 2025 11:38 AM 00] 🔍 Checking NSE:RELIANCE-EQ...
[Thu, Aug 7, 2025 11:38 AM 00] ❌ No signal for NSE:RELIANCE-EQ
[Thu, Aug 7, 2025 11:39 AM 00] 🔍 Checking NSE:RELIANCE-EQ...
[Thu, Aug 7, 2025 11:39 AM 00] ❌ No signal for NSE:RELIANCE-EQ
[Thu, Aug 7, 2025 11:40 AM 00] 🔍 Checking NSE:RELIANCE-EQ...
[Thu, Aug 7, 2025 11:40 AM 00] ❌ No signal for NSE:RELIANCE-EQ
[Thu, Aug 7, 2025 12:18 PM 17] 🔍 Checking NSE:RELIANCE-EQ...
[Thu, Aug 7, 2025 12:18 PM 17] 🔍 Checking NSE:RELIANCE-EQ...
[Thu, Aug 7, 2025 12:18 PM 17] 🔍 Checking NSE:RELIANCE-EQ...
[Thu, Aug 7, 2025 12:18 PM 17] 🔍 Checking NSE:RELIANCE-EQ...
[Thu, Aug 7, 2025 12:18 PM 17] 🔍 Checking NSE:RELIANCE-EQ...
[Thu, Aug 7, 2025 12:18 PM 17] 🔍 Checking NSE:RELIANCE-EQ...
[Thu, Aug 7, 2025 12:18 PM 17] 🔍 Checking NSE:RELIANCE-EQ...
[Thu, Aug 7, 2025 12:18 PM 17] 🔍 Checking NSE:RELIANCE-EQ...
[Thu, Aug 7, 2025 12:18 PM 17] 🔍 Checking NSE:RELIANCE-EQ...
[Thu, Aug 7, 2025 12:18 PM 17] 🔍 Checking NSE:RELIANCE-EQ...
[Thu, Aug 7, 2025 12:18 PM 18] 🔍 Checking NSE:RELIANCE-EQ...
[Thu, Aug 7, 2025 12:18 PM 18] 🔍 Checking NSE:RELIANCE-EQ...
[Thu, Aug 7, 2025 12:18 PM 18] 🔍 Checking NSE:RELIANCE-EQ...
[Thu, Aug 7, 2025 12:18 PM 18] 🔍 Checking NSE:RELIANCE-EQ...
[Thu, Aug 7, 2025 12:18 PM 18] 🔍 Checking NSE:RELIANCE-EQ...
[Thu, Aug 7, 2025 12:18 PM 18] 🔍 Checking NSE:RELIANCE-EQ...
[Thu, Aug 7, 2025 12:18 PM 18] 🔍 Checking NSE:RELIANCE-EQ...
[Thu, Aug 7, 2025 12:18 PM 18] 🔍 Checking NSE:RELIANCE-EQ...
[Thu, Aug 7, 2025 12:18 PM 18] 🔍 Checking NSE:RELIANCE-EQ...
[Thu, Aug 7, 2025 12:18 PM 18] 🔍 Checking NSE:RELIANCE-EQ...
[Thu, Aug 7, 2025 12:18 PM 18] 🔍 Checking NSE:RELIANCE-EQ...
[Thu, Aug 7, 2025 12:18 PM 18] 🔍 Checking NSE:RELIANCE-EQ...
[Thu, Aug 7, 2025 12:18 PM 18] 🔍 Checking NSE:RELIANCE-EQ...
[Thu, Aug 7, 2025 12:18 PM 18] 🔍 Checking NSE:RELIANCE-EQ...
[Thu, Aug 7, 2025 12:18 PM 18] 🔍 Checking NSE:RELIANCE-EQ...
[Thu, Aug 7, 2025 12:18 PM 18] 🔍 Checking NSE:RELIANCE-EQ...
[Thu, Aug 7, 2025 12:18 PM 18] 🔍 Checking NSE:RELIANCE-EQ...
[Thu, Aug 7, 2025 12:18 PM 18] 🔍 Checking NSE:RELIANCE-EQ...
[Thu, Aug 7, 2025 12:18 PM 18] 🔍 Checking NSE:RELIANCE-EQ...
[Thu, Aug 7, 2025 12:18 PM 18] 🔍 Checking NSE:RELIANCE-EQ...
[Thu, Aug 7, 2025 12:18 PM 18] 🔍 Checking NSE:RELIANCE-EQ...
[Thu, Aug 7, 2025 12:18 PM 18] 🔍 Checking NSE:RELIANCE-EQ...
[Thu, Aug 7, 2025 12:18 PM 18] 🔍 Checking NSE:RELIANCE-EQ...
[Thu, Aug 7, 2025 12:18 PM 18] 🔍 Checking NSE:RELIANCE-EQ...
[Thu, Aug 7, 2025 12:18 PM 18] 🔍 Checking NSE:RELIANCE-EQ...
[Thu, Aug 7, 2025 12:18 PM 18] 🔍 Checking NSE:RELIANCE-EQ...
[Thu, Aug 7, 2025 12:18 PM 18] 🔍 Checking NSE:RELIANCE-EQ...
[Thu, Aug 7, 2025 12:18 PM 18] 🔍 Checking NSE:RELIANCE-EQ...
[Thu, Aug 7, 2025 12:18 PM 19] ❌ No signal for NSE:RELIANCE-EQ
[Thu, Aug 7, 2025 12:18 PM 20] ❌ No signal for NSE:RELIANCE-EQ
[Thu, Aug 7, 2025 12:18 PM 20] ❌ No signal for NSE:RELIANCE-EQ
[Thu, Aug 7, 2025 12:18 PM 20] ❌ No signal for NSE:RELIANCE-EQ
[Thu, Aug 7, 2025 12:18 PM 20] ❌ No signal for NSE:RELIANCE-EQ
[Thu, Aug 7, 2025 12:18 PM 20] ❌ No signal for NSE:RELIANCE-EQ
[Thu, Aug 7, 2025 12:18 PM 20] ❌ No signal for NSE:RELIANCE-EQ
[Thu, Aug 7, 2025 12:18 PM 20] ❌ No signal for NSE:RELIANCE-EQ
[Thu, Aug 7, 2025 12:18 PM 20] ❌ No signal for NSE:RELIANCE-EQ
[Thu, Aug 7, 2025 12:18 PM 20] ❌ No signal for NSE:RELIANCE-EQ
[Thu, Aug 7, 2025 12:18 PM 20] ❌ No signal for NSE:RELIANCE-EQ
[Thu, Aug 7, 2025 12:18 PM 20] ❌ No signal for NSE:RELIANCE-EQ
[Thu, Aug 7, 2025 12:18 PM 20] ❌ No signal for NSE:RELIANCE-EQ
[Thu, Aug 7, 2025 12:18 PM 20] ❌ No signal for NSE:RELIANCE-EQ
[Thu, Aug 7, 2025 12:18 PM 20] ❌ No signal for NSE:RELIANCE-EQ
[Thu, Aug 7, 2025 12:18 PM 20] ❌ No signal for NSE:RELIANCE-EQ
[Thu, Aug 7, 2025 12:18 PM 20] ❌ No signal for NSE:RELIANCE-EQ
[Thu, Aug 7, 2025 12:18 PM 20] ❌ No signal for NSE:RELIANCE-EQ
[Thu, Aug 7, 2025 12:18 PM 20] ❌ No signal for NSE:RELIANCE-EQ
[Thu, Aug 7, 2025 12:18 PM 22] ❌ No signal for NSE:RELIANCE-EQ
[Thu, Aug 7, 2025 12:18 PM 22] ❌ No signal for NSE:RELIANCE-EQ
[Thu, Aug 7, 2025 12:18 PM 22] ❌ No signal for NSE:RELIANCE-EQ
[Thu, Aug 7, 2025 12:18 PM 22] ❌ No signal for NSE:RELIANCE-EQ
[Thu, Aug 7, 2025 12:18 PM 22] ❌ No signal for NSE:RELIANCE-EQ
[Thu, Aug 7, 2025 12:18 PM 22] ❌ No signal for NSE:RELIANCE-EQ
[Thu, Aug 7, 2025 12:18 PM 22] ❌ No signal for NSE:RELIANCE-EQ
[Thu, Aug 7, 2025 12:18 PM 22] ❌ No signal for NSE:RELIANCE-EQ
[Thu, Aug 7, 2025 12:18 PM 22] ❌ No signal for NSE:RELIANCE-EQ
[Thu, Aug 7, 2025 12:18 PM 22] ❌ No signal for NSE:RELIANCE-EQ
[Thu, Aug 7, 2025 12:18 PM 22] ❌ No signal for NSE:RELIANCE-EQ
[Thu, Aug 7, 2025 12:18 PM 22] ❌ No signal for NSE:RELIANCE-EQ
[Thu, Aug 7, 2025 12:18 PM 22] ❌ No signal for NSE:RELIANCE-EQ
[Thu, Aug 7, 2025 12:18 PM 22] ❌ No signal for NSE:RELIANCE-EQ
[Thu, Aug 7, 2025 12:18 PM 22] ❌ No signal for NSE:RELIANCE-EQ
[Thu, Aug 7, 2025 12:18 PM 33] ❌ No signal for NSE:RELIANCE-EQ
[Thu, Aug 7, 2025 12:18 PM 33] ❌ No signal for NSE:RELIANCE-EQ
[Thu, Aug 7, 2025 12:18 PM 33] ❌ No signal for NSE:RELIANCE-EQ
[Thu, Aug 7, 2025 12:18 PM 33] ❌ No signal for NSE:RELIANCE-EQ
[Thu, Aug 7, 2025 12:19 PM 00] 🔍 Checking NSE:RELIANCE-EQ...
[Thu, Aug 7, 2025 12:19 PM 00] ❌ No signal for NSE:RELIANCE-EQ
[Thu, Aug 7, 2025 12:20 PM 00] 🔍 Checking NSE:RELIANCE-EQ...
[Thu, Aug 7, 2025 12:20 PM 00] ❌ No signal for NSE:RELIANCE-EQ
[Thu, Aug 7, 2025 12:21 PM 00] 🔍 Checking NSE:RELIANCE-EQ...
[Thu, Aug 7, 2025 12:21 PM 00] ❌ No signal for NSE:RELIANCE-EQ
[Thu, Aug 7, 2025 12:22 PM 00] 🔍 Checking NSE:RELIANCE-EQ...
[Thu, Aug 7, 2025 12:22 PM 00] ❌ No signal for NSE:RELIANCE-EQ
[Thu, Aug 7, 2025 12:23 PM 00] 🔍 Checking NSE:RELIANCE-EQ...
[Thu, Aug 7, 2025 12:23 PM 00] ❌ No signal for NSE:RELIANCE-EQ
[Thu, Aug 7, 2025 12:24 PM 00] 🔍 Checking NSE:RELIANCE-EQ...
[Thu, Aug 7, 2025 12:24 PM 00] ❌ No signal for NSE:RELIANCE-EQ
[Thu, Aug 7, 2025 12:25 PM 00] 🔍 Checking NSE:RELIANCE-EQ...
[Thu, Aug 7, 2025 12:25 PM 00] ❌ No signal for NSE:RELIANCE-EQ
[Fri, Aug 8, 2025 10:00 AM] 🔍 Checking NSE:RELIANCE-EQ...
[Fri, Aug 8, 2025 10:00 AM] ❌ No signal for NSE:RELIANCE-EQ
[Fri, Aug 8, 2025 10:01 AM] 🔍 Checking NSE:RELIANCE-EQ...
[Fri, Aug 8, 2025 10:01 AM] ❌ No signal for NSE:RELIANCE-EQ
[Fri, Aug 8, 2025 10:02 AM] 🔍 Checking NSE:RELIANCE-EQ...
[Fri, Aug 8, 2025 10:02 AM] ❌ No signal for NSE:RELIANCE-EQ
[Fri, Aug 8, 2025 10:03 AM] 🔍 Checking NSE:RELIANCE-EQ...
[Fri, Aug 8, 2025 10:03 AM] ❌ No signal for NSE:RELIANCE-EQ
[Fri, Aug 8, 2025 10:04 AM] 🔍 Checking NSE:RELIANCE-EQ...
[Fri, Aug 8, 2025 10:04 AM] ❌ No signal for NSE:RELIANCE-EQ
[Fri, Aug 8, 2025 10:05 AM] 🔍 Checking NSE:RELIANCE-EQ...
[Fri, Aug 8, 2025 10:05 AM] ❌ No signal for NSE:RELIANCE-EQ
[Fri, Aug 8, 2025 10:06 AM] 🔍 Checking NSE:RELIANCE-EQ...
[Fri, Aug 8, 2025 10:06 AM] ❌ No signal for NSE:RELIANCE-EQ
[Fri, Aug 8, 2025 10:07 AM] 🔍 Checking NSE:RELIANCE-EQ...
[Fri, Aug 8, 2025 10:07 AM] ❌ No signal for NSE:RELIANCE-EQ
[Fri, Aug 8, 2025 10:08 AM] 🔍 Checking NSE:RELIANCE-EQ...
[Fri, Aug 8, 2025 10:08 AM] ❌ No signal for NSE:RELIANCE-EQ
[Fri, Aug 8, 2025 10:09 AM] 🔍 Checking NSE:RELIANCE-EQ...
[Fri, Aug 8, 2025 10:09 AM] ❌ No signal for NSE:RELIANCE-EQ
[Fri, Aug 8, 2025 10:10 AM] 🔍 Checking NSE:RELIANCE-EQ...
[Fri, Aug 8, 2025 10:10 AM] ❌ No signal for NSE:RELIANCE-EQ
[Fri, Aug 8, 2025 10:11 AM] 🔍 Checking NSE:RELIANCE-EQ...
[Fri, Aug 8, 2025 10:11 AM] ❌ No signal for NSE:RELIANCE-EQ
[Fri, Aug 8, 2025 10:12 AM] 🔍 Checking NSE:RELIANCE-EQ...
[Fri, Aug 8, 2025 10:12 AM] ❌ No signal for NSE:RELIANCE-EQ
[Fri, Aug 8, 2025 10:13 AM] 🔍 Checking NSE:RELIANCE-EQ...
[Fri, Aug 8, 2025 10:13 AM] ❌ No signal for NSE:RELIANCE-EQ
[Fri, Aug 8, 2025 10:14 AM] 🔍 Checking NSE:RELIANCE-EQ...
[Fri, Aug 8, 2025 10:14 AM] ❌ No signal for NSE:RELIANCE-EQ
[Fri, Aug 8, 2025 10:15 AM] 🔍 Checking NSE:RELIANCE-EQ...
[Fri, Aug 8, 2025 10:15 AM] ❌ No signal for NSE:RELIANCE-EQ
[Fri, Aug 8, 2025 10:16 AM] 🔍 Checking NSE:RELIANCE-EQ...
[Fri, Aug 8, 2025 10:16 AM] ❌ No signal for NSE:RELIANCE-EQ
[Fri, Aug 8, 2025 10:17 AM] 🔍 Checking NSE:RELIANCE-EQ...
[Fri, Aug 8, 2025 10:17 AM] ❌ No signal for NSE:RELIANCE-EQ
[Fri, Aug 8, 2025 10:18 AM] 🔍 Checking NSE:RELIANCE-EQ...
[Fri, Aug 8, 2025 10:18 AM] ❌ No signal for NSE:RELIANCE-EQ
[Fri, Aug 8, 2025 10:19 AM] 🔍 Checking NSE:RELIANCE-EQ...
[Fri, Aug 8, 2025 10:19 AM] ❌ No signal for NSE:RELIANCE-EQ
[Fri, Aug 8, 2025 10:20 AM] 🔍 Checking NSE:RELIANCE-EQ...
[Fri, Aug 8, 2025 10:20 AM] ❌ No signal for NSE:RELIANCE-EQ
[Fri, Aug 8, 2025 10:21 AM] 🔍 Checking NSE:RELIANCE-EQ...
[Fri, Aug 8, 2025 10:21 AM] ❌ No signal for NSE:RELIANCE-EQ
[Fri, Aug 8, 2025 10:22 AM] 🔍 Checking NSE:RELIANCE-EQ...
[Fri, Aug 8, 2025 10:22 AM] ❌ No signal for NSE:RELIANCE-EQ
[Fri, Aug 8, 2025 10:23 AM] 🔍 Checking NSE:RELIANCE-EQ...
[Fri, Aug 8, 2025 10:23 AM] ❌ No signal for NSE:RELIANCE-EQ
[Fri, Aug 8, 2025 10:24 AM] 🔍 Checking NSE:RELIANCE-EQ...
[Fri, Aug 8, 2025 10:24 AM] ❌ No signal for NSE:RELIANCE-EQ
[Fri, Aug 8, 2025 10:25 AM] 🔍 Checking NSE:RELIANCE-EQ...
[Fri, Aug 8, 2025 10:25 AM] ❌ No signal for NSE:RELIANCE-EQ
[Fri, Aug 8, 2025 10:26 AM] 🔍 Checking NSE:RELIANCE-EQ...
[Fri, Aug 8, 2025 10:26 AM] ❌ No signal for NSE:RELIANCE-EQ
[Fri, Aug 8, 2025 10:27 AM] 🔍 Checking NSE:RELIANCE-EQ...
[Fri, Aug 8, 2025 10:27 AM] ❌ No signal for NSE:RELIANCE-EQ
[Fri, Aug 8, 2025 10:28 AM] 🔍 Checking NSE:RELIANCE-EQ...
[Fri, Aug 8, 2025 10:28 AM] ❌ No signal for NSE:RELIANCE-EQ
[Fri, Aug 8, 2025 10:29 AM] 🔍 Checking NSE:RELIANCE-EQ...
[Fri, Aug 8, 2025 10:29 AM] ❌ No signal for NSE:RELIANCE-EQ
[Fri, Aug 8, 2025 10:30 AM] 🔍 Checking NSE:RELIANCE-EQ...
[Fri, Aug 8, 2025 10:30 AM] ❌ No signal for NSE:RELIANCE-EQ
[Fri, Aug 8, 2025 10:31 AM] 🔍 Checking NSE:RELIANCE-EQ...
[Fri, Aug 8, 2025 10:31 AM] ❌ No signal for NSE:RELIANCE-EQ
[Fri, Aug 8, 2025 10:32 AM] 🔍 Checking NSE:RELIANCE-EQ...
[Fri, Aug 8, 2025 10:32 AM] ❌ No signal for NSE:RELIANCE-EQ
[Fri, Aug 8, 2025 10:33 AM] 🔍 Checking NSE:RELIANCE-EQ...
[Fri, Aug 8, 2025 10:33 AM] ❌ No signal for NSE:RELIANCE-EQ
[Fri, Aug 8, 2025 10:34 AM] 🔍 Checking NSE:RELIANCE-EQ...
[Fri, Aug 8, 2025 10:34 AM] ❌ No signal for NSE:RELIANCE-EQ
[Fri, Aug 8, 2025 10:35 AM] 🔍 Checking NSE:RELIANCE-EQ...
[Fri, Aug 8, 2025 10:35 AM] ❌ No signal for NSE:RELIANCE-EQ
[Fri, Aug 8, 2025 10:36 AM] 🔍 Checking NSE:RELIANCE-EQ...
[Fri, Aug 8, 2025 10:36 AM] ❌ No signal for NSE:RELIANCE-EQ
[Fri, Aug 8, 2025 10:37 AM] 🔍 Checking NSE:RELIANCE-EQ...
[Fri, Aug 8, 2025 10:37 AM] ❌ No signal for NSE:RELIANCE-EQ
[Fri, Aug 8, 2025 10:38 AM] 🔍 Checking NSE:RELIANCE-EQ...
[Fri, Aug 8, 2025 10:38 AM] ❌ No signal for NSE:RELIANCE-EQ
[Fri, Aug 8, 2025 10:39 AM] 🔍 Checking NSE:RELIANCE-EQ...
[Fri, Aug 8, 2025 10:39 AM] ❌ No signal for NSE:RELIANCE-EQ
[Fri, Aug 8, 2025 10:40 AM] 🔍 Checking NSE:RELIANCE-EQ...
[Fri, Aug 8, 2025 10:40 AM] ❌ No signal for NSE:RELIANCE-EQ
[Fri, Aug 8, 2025 10:41 AM] 🔍 Checking NSE:RELIANCE-EQ...
[Fri, Aug 8, 2025 10:41 AM] ❌ No signal for NSE:RELIANCE-EQ
[Fri, Aug 8, 2025 10:42 AM] 🔍 Checking NSE:RELIANCE-EQ...
[Fri, Aug 8, 2025 10:42 AM] ❌ No signal for NSE:RELIANCE-EQ
[Fri, Aug 8, 2025 10:43 AM] 🔍 Checking NSE:RELIANCE-EQ...
[Fri, Aug 8, 2025 10:43 AM] ❌ No signal for NSE:RELIANCE-EQ
[Fri, Aug 8, 2025 10:44 AM] 🔍 Checking NSE:RELIANCE-EQ...
[Fri, Aug 8, 2025 10:44 AM] ❌ No signal for NSE:RELIANCE-EQ
[Fri, Aug 8, 2025 10:45 AM] 🔍 Checking NSE:RELIANCE-EQ...
[Fri, Aug 8, 2025 10:45 AM] ❌ No signal for NSE:RELIANCE-EQ
[Fri, Aug 8, 2025 10:46 AM] 🔍 Checking NSE:RELIANCE-EQ...
[Fri, Aug 8, 2025 10:46 AM] ❌ No signal for NSE:RELIANCE-EQ
[Fri, Aug 8, 2025 10:47 AM] 🔍 Checking NSE:RELIANCE-EQ...
[Fri, Aug 8, 2025 10:47 AM] ❌ No signal for NSE:RELIANCE-EQ
[Fri, Aug 8, 2025 10:48 AM] 🔍 Checking NSE:RELIANCE-EQ...
[Fri, Aug 8, 2025 10:48 AM] ❌ No signal for NSE:RELIANCE-EQ
[Fri, Aug 8, 2025 10:49 AM] 🔍 Checking NSE:RELIANCE-EQ...
[Fri, Aug 8, 2025 10:49 AM] ❌ No signal for NSE:RELIANCE-EQ
[Fri, Aug 8, 2025 10:50 AM] 🔍 Checking NSE:RELIANCE-EQ...
[Fri, Aug 8, 2025 10:50 AM] ❌ No signal for NSE:RELIANCE-EQ
[Fri, Aug 8, 2025 10:51 AM] 🔍 Checking NSE:RELIANCE-EQ...
[Fri, Aug 8, 2025 10:51 AM] ❌ No signal for NSE:RELIANCE-EQ
[Fri, Aug 8, 2025 10:52 AM] 🔍 Checking NSE:RELIANCE-EQ...
[Fri, Aug 8, 2025 10:52 AM] ❌ No signal for NSE:RELIANCE-EQ
[Fri, Aug 8, 2025 10:53 AM] 🔍 Checking NSE:RELIANCE-EQ...
[Fri, Aug 8, 2025 10:53 AM] ❌ No signal for NSE:RELIANCE-EQ
[Fri, Aug 8, 2025 10:54 AM] 🔍 Checking NSE:RELIANCE-EQ...
[Fri, Aug 8, 2025 10:54 AM] ❌ No signal for NSE:RELIANCE-EQ
[Fri, Aug 8, 2025 10:55 AM] 🔍 Checking NSE:RELIANCE-EQ...
[Fri, Aug 8, 2025 10:55 AM] ❌ No signal for NSE:RELIANCE-EQ
[Fri, Aug 8, 2025 10:56 AM] 🔍 Checking NSE:RELIANCE-EQ...
[Fri, Aug 8, 2025 10:56 AM] ❌ No signal for NSE:RELIANCE-EQ
[Fri, Aug 8, 2025 10:57 AM] 🔍 Checking NSE:RELIANCE-EQ...
[Fri, Aug 8, 2025 10:57 AM] ❌ No signal for NSE:RELIANCE-EQ
[Fri, Aug 8, 2025 10:58 AM] 🔍 Checking NSE:RELIANCE-EQ...
[Fri, Aug 8, 2025 10:58 AM] ❌ No signal for NSE:RELIANCE-EQ
[Fri, Aug 8, 2025 10:59 AM] 🔍 Checking NSE:RELIANCE-EQ...
[Fri, Aug 8, 2025 10:59 AM] ❌ No signal for NSE:RELIANCE-EQ
[Fri, Aug 8, 2025 11:00 AM] 🔍 Checking NSE:RELIANCE-EQ...
[Fri, Aug 8, 2025 11:00 AM] ❌ No signal for NSE:RELIANCE-EQ
[Fri, Aug 8, 2025 11:01 AM] 🔍 Checking NSE:RELIANCE-EQ...
[Fri, Aug 8, 2025 11:01 AM] ❌ No signal for NSE:RELIANCE-EQ
[Fri, Aug 8, 2025 11:02 AM] 🔍 Checking NSE:RELIANCE-EQ...
[Fri, Aug 8, 2025 11:02 AM] ❌ No signal for NSE:RELIANCE-EQ
[Fri, Aug 8, 2025 11:03 AM] 🔍 Checking NSE:RELIANCE-EQ...
[Fri, Aug 8, 2025 11:03 AM] ❌ No signal for NSE:RELIANCE-EQ
[Fri, Aug 8, 2025 11:04 AM] 🔍 Checking NSE:RELIANCE-EQ...
[Fri, Aug 8, 2025 11:04 AM] ❌ No signal for NSE:RELIANCE-EQ
[Fri, Aug 8, 2025 11:05 AM] 🔍 Checking NSE:RELIANCE-EQ...
[Fri, Aug 8, 2025 11:05 AM] ❌ No signal for NSE:RELIANCE-EQ
[Fri, Aug 8, 2025 11:06 AM] 🔍 Checking NSE:RELIANCE-EQ...
[Fri, Aug 8, 2025 11:06 AM] ❌ No signal for NSE:RELIANCE-EQ
[Fri, Aug 8, 2025 11:07 AM] 🔍 Checking NSE:RELIANCE-EQ...
[Fri, Aug 8, 2025 11:07 AM] ❌ No signal for NSE:RELIANCE-EQ
[Fri, Aug 8, 2025 11:08 AM] 🔍 Checking NSE:RELIANCE-EQ...
[Fri, Aug 8, 2025 11:08 AM] ❌ No signal for NSE:RELIANCE-EQ
[Fri, Aug 8, 2025 11:09 AM] 🔍 Checking NSE:RELIANCE-EQ...
[Fri, Aug 8, 2025 11:09 AM] ❌ No signal for NSE:RELIANCE-EQ
[Fri, Aug 8, 2025 11:10 AM] 🔍 Checking NSE:RELIANCE-EQ...
[Fri, Aug 8, 2025 11:10 AM] ❌ No signal for NSE:RELIANCE-EQ
[Fri, Aug 8, 2025 11:11 AM] 🔍 Checking NSE:RELIANCE-EQ...
[Fri, Aug 8, 2025 11:11 AM] ❌ No signal for NSE:RELIANCE-EQ
[Fri, Aug 8, 2025 11:12 AM] 🔍 Checking NSE:RELIANCE-EQ...
[Fri, Aug 8, 2025 11:12 AM] ❌ No signal for NSE:RELIANCE-EQ
[Fri, Aug 8, 2025 11:13 AM] 🔍 Checking NSE:RELIANCE-EQ...
[Fri, Aug 8, 2025 11:13 AM] ❌ No signal for NSE:RELIANCE-EQ
[Fri, Aug 8, 2025 11:14 AM] 🔍 Checking NSE:RELIANCE-EQ...
[Fri, Aug 8, 2025 11:14 AM] ❌ No signal for NSE:RELIANCE-EQ
[Fri, Aug 8, 2025 11:15 AM] 🔍 Checking NSE:RELIANCE-EQ...
[Fri, Aug 8, 2025 11:15 AM] ❌ No signal for NSE:RELIANCE-EQ
[Fri, Aug 8, 2025 11:16 AM] 🔍 Checking NSE:RELIANCE-EQ...
[Fri, Aug 8, 2025 11:16 AM] ❌ No signal for NSE:RELIANCE-EQ
[Fri, Aug 8, 2025 11:17 AM] 🔍 Checking NSE:RELIANCE-EQ...
[Fri, Aug 8, 2025 11:17 AM] ❌ No signal for NSE:RELIANCE-EQ
[Fri, Aug 8, 2025 11:18 AM] 🔍 Checking NSE:RELIANCE-EQ...
[Fri, Aug 8, 2025 11:18 AM] ❌ No signal for NSE:RELIANCE-EQ
[Fri, Aug 8, 2025 11:19 AM] 🔍 Checking NSE:RELIANCE-EQ...
[Fri, Aug 8, 2025 11:19 AM] ❌ No signal for NSE:RELIANCE-EQ
[Fri, Aug 8, 2025 11:20 AM] 🔍 Checking NSE:RELIANCE-EQ...
[Fri, Aug 8, 2025 11:20 AM] ❌ No signal for NSE:RELIANCE-EQ
[Fri, Aug 8, 2025 11:21 AM] 🔍 Checking NSE:RELIANCE-EQ...
[Fri, Aug 8, 2025 11:21 AM] ❌ No signal for NSE:RELIANCE-EQ
[Fri, Aug 8, 2025 11:22 AM] 🔍 Checking NSE:RELIANCE-EQ...
[Fri, Aug 8, 2025 11:22 AM] ❌ No signal for NSE:RELIANCE-EQ
[Fri, Aug 8, 2025 11:23 AM] 🔍 Checking NSE:RELIANCE-EQ...
[Fri, Aug 8, 2025 11:23 AM] ❌ No signal for NSE:RELIANCE-EQ
[Fri, Aug 8, 2025 11:24 AM] 🔍 Checking NSE:RELIANCE-EQ...
[Fri, Aug 8, 2025 11:24 AM] ❌ No signal for NSE:RELIANCE-EQ
[Fri, Aug 8, 2025 11:25 AM] 🔍 Checking NSE:RELIANCE-EQ...
[Fri, Aug 8, 2025 11:25 AM] ❌ No signal for NSE:RELIANCE-EQ
[Fri, Aug 8, 2025 11:26 AM] 🔍 Checking NSE:RELIANCE-EQ...
[Fri, Aug 8, 2025 11:26 AM] ❌ No signal for NSE:RELIANCE-EQ
[Fri, Aug 8, 2025 11:27 AM] 🔍 Checking NSE:RELIANCE-EQ...
[Fri, Aug 8, 2025 11:27 AM] ❌ No signal for NSE:RELIANCE-EQ
[Fri, Aug 8, 2025 11:28 AM] 🔍 Checking NSE:RELIANCE-EQ...
[Fri, Aug 8, 2025 11:28 AM] ❌ No signal for NSE:RELIANCE-EQ
[Fri, Aug 8, 2025 11:29 AM] 🔍 Checking NSE:RELIANCE-EQ...
[Fri, Aug 8, 2025 11:29 AM] ❌ No signal for NSE:RELIANCE-EQ
[Fri, Aug 8, 2025 11:30 AM] 🔍 Checking NSE:RELIANCE-EQ...
[Fri, Aug 8, 2025 11:30 AM] ❌ No signal for NSE:RELIANCE-EQ
[Fri, Aug 8, 2025 11:31 AM] 🔍 Checking NSE:RELIANCE-EQ...
[Fri, Aug 8, 2025 11:31 AM] ❌ No signal for NSE:RELIANCE-EQ
[Fri, Aug 8, 2025 11:32 AM] 🔍 Checking NSE:RELIANCE-EQ...
[Fri, Aug 8, 2025 11:32 AM] ❌ No signal for NSE:RELIANCE-EQ
[Fri, Aug 8, 2025 11:33 AM] 🔍 Checking NSE:RELIANCE-EQ...
[Fri, Aug 8, 2025 11:33 AM] ❌ No signal for NSE:RELIANCE-EQ
[Fri, Aug 8, 2025 11:34 AM] 🔍 Checking NSE:RELIANCE-EQ...
[Fri, Aug 8, 2025 11:34 AM] ❌ No signal for NSE:RELIANCE-EQ
[Fri, Aug 8, 2025 11:35 AM] 🔍 Checking NSE:RELIANCE-EQ...
[Fri, Aug 8, 2025 11:35 AM] ❌ No signal for NSE:RELIANCE-EQ
[Fri, Aug 8, 2025 11:36 AM] 🔍 Checking NSE:RELIANCE-EQ...
[Fri, Aug 8, 2025 11:36 AM] ❌ No signal for NSE:RELIANCE-EQ
[Fri, Aug 8, 2025 11:37 AM] 🔍 Checking NSE:RELIANCE-EQ...
[Fri, Aug 8, 2025 11:37 AM] ❌ No signal for NSE:RELIANCE-EQ
[Fri, Aug 8, 2025 11:38 AM] 🔍 Checking NSE:RELIANCE-EQ...
[Fri, Aug 8, 2025 11:38 AM] ❌ No signal for NSE:RELIANCE-EQ
[Fri, Aug 8, 2025 11:39 AM] 🔍 Checking NSE:RELIANCE-EQ...
[Fri, Aug 8, 2025 11:39 AM] ❌ No signal for NSE:RELIANCE-EQ
[Fri, Aug 8, 2025 11:40 AM] 🔍 Checking NSE:RELIANCE-EQ...
[Fri, Aug 8, 2025 11:40 AM] ❌ No signal for NSE:RELIANCE-EQ
[Fri, Aug 8, 2025 11:41 AM] 🔍 Checking NSE:RELIANCE-EQ...
[Fri, Aug 8, 2025 11:41 AM] ❌ No signal for NSE:RELIANCE-EQ
[Fri, Aug 8, 2025 11:42 AM] 🔍 Checking NSE:RELIANCE-EQ...
[Fri, Aug 8, 2025 11:42 AM] ❌ No signal for NSE:RELIANCE-EQ
[Fri, Aug 8, 2025 11:43 AM] 🔍 Checking NSE:RELIANCE-EQ...
[Fri, Aug 8, 2025 11:43 AM] ❌ No signal for NSE:RELIANCE-EQ
[Fri, Aug 8, 2025 11:44 AM] 🔍 Checking NSE:RELIANCE-EQ...
[Fri, Aug 8, 2025 11:44 AM] ❌ No signal for NSE:RELIANCE-EQ
[Fri, Aug 8, 2025 11:45 AM] 🔍 Checking NSE:RELIANCE-EQ...
[Fri, Aug 8, 2025 11:45 AM] ❌ No signal for NSE:RELIANCE-EQ
[Fri, Aug 8, 2025 11:46 AM] 🔍 Checking NSE:RELIANCE-EQ...
[Fri, Aug 8, 2025 11:46 AM] ❌ No signal for NSE:RELIANCE-EQ
[Fri, Aug 8, 2025 11:47 AM] 🔍 Checking NSE:RELIANCE-EQ...
[Fri, Aug 8, 2025 11:47 AM] ❌ No signal for NSE:RELIANCE-EQ
[Fri, Aug 8, 2025 11:48 AM] 🔍 Checking NSE:RELIANCE-EQ...
[Fri, Aug 8, 2025 11:48 AM] ❌ No signal for NSE:RELIANCE-EQ
[Fri, Aug 8, 2025 11:49 AM] 🔍 Checking NSE:RELIANCE-EQ...
[Fri, Aug 8, 2025 11:49 AM] ❌ No signal for NSE:RELIANCE-EQ
[Fri, Aug 8, 2025 11:50 AM] 🔍 Checking NSE:RELIANCE-EQ...
[Fri, Aug 8, 2025 11:50 AM] ❌ No signal for NSE:RELIANCE-EQ
[Fri, Aug 8, 2025 11:51 AM] 🔍 Checking NSE:RELIANCE-EQ...
[Fri, Aug 8, 2025 11:51 AM] ❌ No signal for NSE:RELIANCE-EQ
[Fri, Aug 8, 2025 11:52 AM] 🔍 Checking NSE:RELIANCE-EQ...
[Fri, Aug 8, 2025 11:52 AM] ❌ No signal for NSE:RELIANCE-EQ
[Fri, Aug 8, 2025 11:53 AM] 🔍 Checking NSE:RELIANCE-EQ...
[Fri, Aug 8, 2025 11:53 AM] ❌ No signal for NSE:RELIANCE-EQ
[Fri, Aug 8, 2025 11:54 AM] 🔍 Checking NSE:RELIANCE-EQ...
[Fri, Aug 8, 2025 11:54 AM] ❌ No signal for NSE:RELIANCE-EQ
[Fri, Aug 8, 2025 11:55 AM] 🔍 Checking NSE:RELIANCE-EQ...
[Fri, Aug 8, 2025 11:55 AM] ❌ No signal for NSE:RELIANCE-EQ
[Fri, Aug 8, 2025 11:56 AM] 🔍 Checking NSE:RELIANCE-EQ...
[Fri, Aug 8, 2025 11:56 AM] ❌ No signal for NSE:RELIANCE-EQ
[Fri, Aug 8, 2025 11:57 AM] 🔍 Checking NSE:RELIANCE-EQ...
[Fri, Aug 8, 2025 11:57 AM] ❌ No signal for NSE:RELIANCE-EQ
[Fri, Aug 8, 2025 11:58 AM] 🔍 Checking NSE:RELIANCE-EQ...
[Fri, Aug 8, 2025 11:58 AM] ❌ No signal for NSE:RELIANCE-EQ
[Fri, Aug 8, 2025 11:59 AM] 🔍 Checking NSE:RELIANCE-EQ...
[Fri, Aug 8, 2025 11:59 AM] ❌ No signal for NSE:RELIANCE-EQ
[Fri, Aug 8, 2025 12:00 PM] 🔍 Checking NSE:RELIANCE-EQ...
[Fri, Aug 8, 2025 12:00 PM] ❌ No signal for NSE:RELIANCE-EQ
[Fri, Aug 8, 2025 12:01 PM] 🔍 Checking NSE:RELIANCE-EQ...
[Fri, Aug 8, 2025 12:01 PM] ❌ No signal for NSE:RELIANCE-EQ
[Fri, Aug 8, 2025 12:02 PM] 🔍 Checking NSE:RELIANCE-EQ...
[Fri, Aug 8, 2025 12:02 PM] ❌ No signal for NSE:RELIANCE-EQ
[Fri, Aug 8, 2025 12:03 PM] 🔍 Checking NSE:RELIANCE-EQ...
[Fri, Aug 8, 2025 12:03 PM] ❌ No signal for NSE:RELIANCE-EQ
[Fri, Aug 8, 2025 12:04 PM] 🔍 Checking NSE:RELIANCE-EQ...
[Fri, Aug 8, 2025 12:04 PM] ❌ No signal for NSE:RELIANCE-EQ
[Fri, Aug 8, 2025 12:05 PM] 🔍 Checking NSE:RELIANCE-EQ...
[Fri, Aug 8, 2025 12:05 PM] ❌ No signal for NSE:RELIANCE-EQ
[Fri, Aug 8, 2025 12:38 PM] 🔍 Checking NSE:RELIANCE-EQ...
[Fri, Aug 8, 2025 12:38 PM] 🔍 Checking NSE:RELIANCE-EQ...
[Fri, Aug 8, 2025 12:38 PM] ❌ No signal for NSE:RELIANCE-EQ
[Fri, Aug 8, 2025 12:38 PM] ❌ No signal for NSE:RELIANCE-EQ
[Fri, Aug 8, 2025 12:38 PM] 🔍 Checking NSE:RELIANCE-EQ...
[Fri, Aug 8, 2025 12:38 PM] 🔍 Checking NSE:RELIANCE-EQ...
[Fri, Aug 8, 2025 12:38 PM] ❌ No signal for NSE:RELIANCE-EQ
[Fri, Aug 8, 2025 12:38 PM] ❌ No signal for NSE:RELIANCE-EQ
[Fri, Aug 8, 2025 12:38 PM] 🔍 Checking NSE:RELIANCE-EQ...
[Fri, Aug 8, 2025 12:38 PM] 🔍 Checking NSE:RELIANCE-EQ...
[Fri, Aug 8, 2025 12:38 PM] ❌ No signal for NSE:RELIANCE-EQ
[Fri, Aug 8, 2025 12:38 PM] 🔍 Checking NSE:RELIANCE-EQ...
[Fri, Aug 8, 2025 12:38 PM] ❌ No signal for NSE:RELIANCE-EQ
[Fri, Aug 8, 2025 12:38 PM] 🔍 Checking NSE:RELIANCE-EQ...
[Fri, Aug 8, 2025 12:38 PM] ❌ No signal for NSE:RELIANCE-EQ
[Fri, Aug 8, 2025 12:38 PM] 🔍 Checking NSE:RELIANCE-EQ...
[Fri, Aug 8, 2025 12:38 PM] ❌ No signal for NSE:RELIANCE-EQ
[Fri, Aug 8, 2025 12:38 PM] 🔍 Checking NSE:RELIANCE-EQ...
[Fri, Aug 8, 2025 12:38 PM] ❌ No signal for NSE:RELIANCE-EQ
[Fri, Aug 8, 2025 12:38 PM] 🔍 Checking NSE:RELIANCE-EQ...
[Fri, Aug 8, 2025 12:38 PM] ❌ No signal for NSE:RELIANCE-EQ
[Fri, Aug 8, 2025 12:38 PM] ❌ No signal for NSE:RELIANCE-EQ
[Fri, Aug 8, 2025 12:38 PM] 🔍 Checking NSE:RELIANCE-EQ...
[Fri, Aug 8, 2025 12:38 PM] 🔍 Checking NSE:RELIANCE-EQ...
[Fri, Aug 8, 2025 12:38 PM] ❌ No signal for NSE:RELIANCE-EQ
[Fri, Aug 8, 2025 12:38 PM] 🔍 Checking NSE:RELIANCE-EQ...
[Fri, Aug 8, 2025 12:38 PM] ❌ No signal for NSE:RELIANCE-EQ
[Fri, Aug 8, 2025 12:38 PM] 🔍 Checking NSE:RELIANCE-EQ...
[Fri, Aug 8, 2025 12:38 PM] ❌ No signal for NSE:RELIANCE-EQ
[Fri, Aug 8, 2025 12:38 PM] 🔍 Checking NSE:RELIANCE-EQ...
[Fri, Aug 8, 2025 12:38 PM] ❌ No signal for NSE:RELIANCE-EQ
[Fri, Aug 8, 2025 12:38 PM] 🔍 Checking NSE:RELIANCE-EQ...
[Fri, Aug 8, 2025 12:38 PM] ❌ No signal for NSE:RELIANCE-EQ
[Fri, Aug 8, 2025 12:38 PM] 🔍 Checking NSE:RELIANCE-EQ...
[Fri, Aug 8, 2025 12:38 PM] ❌ No signal for NSE:RELIANCE-EQ
[Fri, Aug 8, 2025 12:38 PM] 🔍 Checking NSE:RELIANCE-EQ...
[Fri, Aug 8, 2025 12:38 PM] ❌ No signal for NSE:RELIANCE-EQ
[Fri, Aug 8, 2025 12:38 PM] 🔍 Checking NSE:RELIANCE-EQ...
[Fri, Aug 8, 2025 12:38 PM] ❌ No signal for NSE:RELIANCE-EQ
[Fri, Aug 8, 2025 12:38 PM] 🔍 Checking NSE:RELIANCE-EQ...
[Fri, Aug 8, 2025 12:38 PM] ❌ No signal for NSE:RELIANCE-EQ
[Fri, Aug 8, 2025 12:38 PM] 🔍 Checking NSE:RELIANCE-EQ...
[Fri, Aug 8, 2025 12:38 PM] ❌ No signal for NSE:RELIANCE-EQ
[Fri, Aug 8, 2025 12:38 PM] 🔍 Checking NSE:RELIANCE-EQ...
[Fri, Aug 8, 2025 12:38 PM] ❌ No signal for NSE:RELIANCE-EQ
[Fri, Aug 8, 2025 12:38 PM] 🔍 Checking NSE:RELIANCE-EQ...
[Fri, Aug 8, 2025 12:38 PM] ❌ No signal for NSE:RELIANCE-EQ
[Fri, Aug 8, 2025 12:38 PM] 🔍 Checking NSE:RELIANCE-EQ...
[Fri, Aug 8, 2025 12:38 PM] ❌ No signal for NSE:RELIANCE-EQ
[Fri, Aug 8, 2025 12:38 PM] 🔍 Checking NSE:RELIANCE-EQ...
[Fri, Aug 8, 2025 12:38 PM] ❌ No signal for NSE:RELIANCE-EQ
[Fri, Aug 8, 2025 12:38 PM] 🔍 Checking NSE:RELIANCE-EQ...
[Fri, Aug 8, 2025 12:38 PM] ❌ No signal for NSE:RELIANCE-EQ
[Fri, Aug 8, 2025 12:38 PM] 🔍 Checking NSE:RELIANCE-EQ...
[Fri, Aug 8, 2025 12:38 PM] ❌ No signal for NSE:RELIANCE-EQ
[Fri, Aug 8, 2025 12:38 PM] 🔍 Checking NSE:RELIANCE-EQ...
[Fri, Aug 8, 2025 12:38 PM] ❌ No signal for NSE:RELIANCE-EQ
[Fri, Aug 8, 2025 12:38 PM] 🔍 Checking NSE:RELIANCE-EQ...
[Fri, Aug 8, 2025 12:38 PM] ❌ No signal for NSE:RELIANCE-EQ
[Fri, Aug 8, 2025 12:38 PM] 🔍 Checking NSE:RELIANCE-EQ...
[Fri, Aug 8, 2025 12:38 PM] ❌ No signal for NSE:RELIANCE-EQ
[Fri, Aug 8, 2025 12:38 PM] 🔍 Checking NSE:RELIANCE-EQ...
[Fri, Aug 8, 2025 12:38 PM] ❌ No signal for NSE:RELIANCE-EQ
[Fri, Aug 8, 2025 12:38 PM] 🔍 Checking NSE:RELIANCE-EQ...
[Fri, Aug 8, 2025 12:38 PM] ❌ No signal for NSE:RELIANCE-EQ
[Fri, Aug 8, 2025 12:38 PM] ❌ No signal for NSE:RELIANCE-EQ
[Fri, Aug 8, 2025 12:45 PM] 🔍 Checking NSE:RELIANCE-EQ...
[Fri, Aug 8, 2025 12:45 PM] 🔍 Checking NSE:RELIANCE-EQ...
[Fri, Aug 8, 2025 12:45 PM] ❌ No signal for NSE:RELIANCE-EQ
[Fri, Aug 8, 2025 12:45 PM] 🔍 Checking NSE:RELIANCE-EQ...
[Fri, Aug 8, 2025 12:45 PM] ❌ No signal for NSE:RELIANCE-EQ
[Fri, Aug 8, 2025 12:45 PM] 🔍 Checking NSE:RELIANCE-EQ...
[Fri, Aug 8, 2025 12:45 PM] ❌ No signal for NSE:RELIANCE-EQ
[Fri, Aug 8, 2025 12:45 PM] 🔍 Checking NSE:RELIANCE-EQ...
[Fri, Aug 8, 2025 12:45 PM] ❌ No signal for NSE:RELIANCE-EQ
[Fri, Aug 8, 2025 12:45 PM] 🔍 Checking NSE:RELIANCE-EQ...
[Fri, Aug 8, 2025 12:45 PM] ❌ No signal for NSE:RELIANCE-EQ
[Fri, Aug 8, 2025 12:45 PM] 🔍 Checking NSE:RELIANCE-EQ...
[Fri, Aug 8, 2025 12:45 PM] ❌ No signal for NSE:RELIANCE-EQ
[Fri, Aug 8, 2025 12:45 PM] ❌ No signal for NSE:RELIANCE-EQ
[Fri, Aug 8, 2025 12:46 PM] 🔍 Checking NSE:RELIANCE-EQ...
[Fri, Aug 8, 2025 12:46 PM] ❌ No signal for NSE:RELIANCE-EQ
[Fri, Aug 8, 2025 12:47 PM] 🔍 Checking NSE:RELIANCE-EQ...
[Fri, Aug 8, 2025 12:47 PM] ❌ No signal for NSE:RELIANCE-EQ
[Fri, Aug 8, 2025 12:48 PM] 🔍 Checking NSE:RELIANCE-EQ...
[Fri, Aug 8, 2025 12:48 PM] ❌ No signal for NSE:RELIANCE-EQ
[Fri, Aug 8, 2025 12:49 PM] 🔍 Checking NSE:RELIANCE-EQ...
[Fri, Aug 8, 2025 12:49 PM] ❌ No signal for NSE:RELIANCE-EQ
[Fri, Aug 8, 2025 12:50 PM] 🔍 Checking NSE:RELIANCE-EQ...
[Fri, Aug 8, 2025 12:50 PM] ❌ No signal for NSE:RELIANCE-EQ
[Fri, Aug 8, 2025 12:51 PM] 🔍 Checking NSE:RELIANCE-EQ...
[Fri, Aug 8, 2025 12:51 PM] ❌ No signal for NSE:RELIANCE-EQ
[Fri, Aug 8, 2025 12:52 PM] 🔍 Checking NSE:RELIANCE-EQ...
[Fri, Aug 8, 2025 12:52 PM] ❌ No signal for NSE:RELIANCE-EQ
[Fri, Aug 8, 2025 12:53 PM] 🔍 Checking NSE:RELIANCE-EQ...
[Fri, Aug 8, 2025 12:53 PM] ❌ No signal for NSE:RELIANCE-EQ
[Fri, Aug 8, 2025 12:54 PM] 🔍 Checking NSE:RELIANCE-EQ...
[Fri, Aug 8, 2025 12:54 PM] ❌ No signal for NSE:RELIANCE-EQ
[Fri, Aug 8, 2025 12:55 PM] 🔍 Checking NSE:RELIANCE-EQ...
[Fri, Aug 8, 2025 12:55 PM] ❌ No signal for NSE:RELIANCE-EQ
[Fri, Aug 8, 2025 12:56 PM] 🔍 Checking NSE:RELIANCE-EQ...
[Fri, Aug 8, 2025 12:56 PM] ❌ No signal for NSE:RELIANCE-EQ
[Fri, Aug 8, 2025 12:57 PM] 🔍 Checking NSE:RELIANCE-EQ...
[Fri, Aug 8, 2025 12:57 PM] ❌ No signal for NSE:RELIANCE-EQ
[Fri, Aug 8, 2025 12:58 PM] 🔍 Checking NSE:RELIANCE-EQ...
[Fri, Aug 8, 2025 12:58 PM] ❌ No signal for NSE:RELIANCE-EQ
[Fri, Aug 8, 2025 12:59 PM] 🔍 Checking NSE:RELIANCE-EQ...
[Fri, Aug 8, 2025 12:59 PM] ❌ No signal for NSE:RELIANCE-EQ
[Fri, Aug 8, 2025 1:00 PM] 🔍 Checking NSE:RELIANCE-EQ...
[Fri, Aug 8, 2025 1:00 PM] ❌ No signal for NSE:RELIANCE-EQ
[Fri, Aug 8, 2025 1:01 PM] 🔍 Checking NSE:RELIANCE-EQ...
[Fri, Aug 8, 2025 1:01 PM] ❌ No signal for NSE:RELIANCE-EQ
[Fri, Aug 8, 2025 1:02 PM] 🔍 Checking NSE:RELIANCE-EQ...
[Fri, Aug 8, 2025 1:02 PM] ❌ No signal for NSE:RELIANCE-EQ
[Fri, Aug 8, 2025 1:03 PM] 🔍 Checking NSE:RELIANCE-EQ...
[Fri, Aug 8, 2025 1:03 PM] ❌ No signal for NSE:RELIANCE-EQ
[Fri, Aug 8, 2025 1:04 PM] 🔍 Checking NSE:RELIANCE-EQ...
[Fri, Aug 8, 2025 1:04 PM] ❌ No signal for NSE:RELIANCE-EQ
[Fri, Aug 8, 2025 1:05 PM] 🔍 Checking NSE:RELIANCE-EQ...
[Fri, Aug 8, 2025 1:05 PM] ❌ No signal for NSE:RELIANCE-EQ
[Fri, Aug 8, 2025 1:06 PM] 🔍 Checking NSE:RELIANCE-EQ...
[Fri, Aug 8, 2025 1:06 PM] ❌ No signal for NSE:RELIANCE-EQ
[Fri, Aug 8, 2025 1:07 PM] 🔍 Checking NSE:RELIANCE-EQ...
[Fri, Aug 8, 2025 1:07 PM] ❌ No signal for NSE:RELIANCE-EQ
[Fri, Aug 8, 2025 1:08 PM] 🔍 Checking NSE:RELIANCE-EQ...
[Fri, Aug 8, 2025 1:08 PM] ❌ No signal for NSE:RELIANCE-EQ
[Fri, Aug 8, 2025 1:09 PM] 🔍 Checking NSE:RELIANCE-EQ...
[Fri, Aug 8, 2025 1:09 PM] ❌ No signal for NSE:RELIANCE-EQ
[Fri, Aug 8, 2025 1:10 PM] 🔍 Checking NSE:RELIANCE-EQ...
[Fri, Aug 8, 2025 1:10 PM] ❌ No signal for NSE:RELIANCE-EQ
[Fri, Aug 8, 2025 1:11 PM] 🔍 Checking NSE:RELIANCE-EQ...
[Fri, Aug 8, 2025 1:11 PM] ❌ No signal for NSE:RELIANCE-EQ
[Fri, Aug 8, 2025 1:12 PM] 🔍 Checking NSE:RELIANCE-EQ...
[Fri, Aug 8, 2025 1:12 PM] ❌ No signal for NSE:RELIANCE-EQ
[Fri, Aug 8, 2025 1:13 PM] 🔍 Checking NSE:RELIANCE-EQ...
[Fri, Aug 8, 2025 1:13 PM] ❌ No signal for NSE:RELIANCE-EQ
[Fri, Aug 8, 2025 1:14 PM] 🔍 Checking NSE:RELIANCE-EQ...
[Fri, Aug 8, 2025 1:14 PM] ❌ No signal for NSE:RELIANCE-EQ
[Fri, Aug 8, 2025 1:15 PM] 🔍 Checking NSE:RELIANCE-EQ...
[Fri, Aug 8, 2025 1:15 PM] ❌ No signal for NSE:RELIANCE-EQ
[Fri, Aug 8, 2025 1:16 PM] 🔍 Checking NSE:RELIANCE-EQ...
[Fri, Aug 8, 2025 1:16 PM] ❌ No signal for NSE:RELIANCE-EQ
[Fri, Aug 8, 2025 1:17 PM] 🔍 Checking NSE:RELIANCE-EQ...
[Fri, Aug 8, 2025 1:17 PM] ❌ No signal for NSE:RELIANCE-EQ
[Fri, Aug 8, 2025 1:18 PM] 🔍 Checking NSE:RELIANCE-EQ...
[Fri, Aug 8, 2025 1:18 PM] ❌ No signal for NSE:RELIANCE-EQ
[Fri, Aug 8, 2025 1:19 PM] 🔍 Checking NSE:RELIANCE-EQ...
[Fri, Aug 8, 2025 1:19 PM] ❌ No signal for NSE:RELIANCE-EQ
[Fri, Aug 8, 2025 1:20 PM] 🔍 Checking NSE:RELIANCE-EQ...
[Fri, Aug 8, 2025 1:20 PM] ❌ No signal for NSE:RELIANCE-EQ
[Fri, Aug 8, 2025 1:21 PM] 🔍 Checking NSE:RELIANCE-EQ...
[Fri, Aug 8, 2025 1:21 PM] ❌ No signal for NSE:RELIANCE-EQ
[Fri, Aug 8, 2025 1:22 PM] 🔍 Checking NSE:RELIANCE-EQ...
[Fri, Aug 8, 2025 1:22 PM] ❌ No signal for NSE:RELIANCE-EQ
[Fri, Aug 8, 2025 1:23 PM] 🔍 Checking NSE:RELIANCE-EQ...
[Fri, Aug 8, 2025 1:23 PM] ❌ No signal for NSE:RELIANCE-EQ
[Fri, Aug 8, 2025 1:24 PM] 🔍 Checking NSE:RELIANCE-EQ...
[Fri, Aug 8, 2025 1:24 PM] ❌ No signal for NSE:RELIANCE-EQ
[Fri, Aug 8, 2025 1:25 PM] 🔍 Checking NSE:RELIANCE-EQ...
[Fri, Aug 8, 2025 1:25 PM] ❌ No signal for NSE:RELIANCE-EQ
[Fri, Aug 8, 2025 1:26 PM] 🔍 Checking NSE:RELIANCE-EQ...
[Fri, Aug 8, 2025 1:26 PM] ❌ No signal for NSE:RELIANCE-EQ
[Fri, Aug 8, 2025 1:27 PM] 🔍 Checking NSE:RELIANCE-EQ...
[Fri, Aug 8, 2025 1:27 PM] ❌ No signal for NSE:RELIANCE-EQ
[Fri, Aug 8, 2025 1:28 PM] 🔍 Checking NSE:RELIANCE-EQ...
[Fri, Aug 8, 2025 1:28 PM] ❌ No signal for NSE:RELIANCE-EQ
[Fri, Aug 8, 2025 1:29 PM] 🔍 Checking NSE:RELIANCE-EQ...
[Fri, Aug 8, 2025 1:29 PM] ❌ No signal for NSE:RELIANCE-EQ
[Fri, Aug 8, 2025 1:30 PM] 🔍 Checking NSE:RELIANCE-EQ...
[Fri, Aug 8, 2025 1:30 PM] ❌ No signal for NSE:RELIANCE-EQ
[Fri, Aug 8, 2025 1:31 PM] 🔍 Checking NSE:RELIANCE-EQ...
[Fri, Aug 8, 2025 1:31 PM] ❌ No signal for NSE:RELIANCE-EQ
[Fri, Aug 8, 2025 1:32 PM] 🔍 Checking NSE:RELIANCE-EQ...
[Fri, Aug 8, 2025 1:32 PM] ❌ No signal for NSE:RELIANCE-EQ
